{"/Users/curtiswang/projects/Hack Reactor/Immersive/FEC/client/src/Components/Overview/DefaultImgView.jsx": {"path":"/Users/curtiswang/projects/Hack Reactor/Immersive/FEC/client/src/Components/Overview/DefaultImgView.jsx","statementMap":{"0":{"start":{"line":7,"column":38},"end":{"line":7,"column":43}},"1":{"start":{"line":9,"column":25},"end":{"line":58,"column":1}},"2":{"start":{"line":10,"column":23},"end":{"line":10,"column":35}},"3":{"start":{"line":18,"column":2},"end":{"line":57,"column":4}},"4":{"start":{"line":29,"column":12},"end":{"line":38,"column":14}},"5":{"start":{"line":32,"column":36},"end":{"line":32,"column":57}},"6":{"start":{"line":42,"column":69},"end":{"line":42,"column":86}},"7":{"start":{"line":45,"column":10},"end":{"line":53,"column":12}},"8":{"start":{"line":49,"column":31},"end":{"line":49,"column":48}}},"fnMap":{"0":{"name":"(anonymous_0)","decl":{"start":{"line":9,"column":25},"end":{"line":9,"column":26}},"loc":{"start":{"line":9,"column":113},"end":{"line":58,"column":1}},"line":9},"1":{"name":"(anonymous_1)","decl":{"start":{"line":28,"column":57},"end":{"line":28,"column":58}},"loc":{"start":{"line":28,"column":74},"end":{"line":39,"column":11}},"line":28},"2":{"name":"(anonymous_2)","decl":{"start":{"line":32,"column":30},"end":{"line":32,"column":31}},"loc":{"start":{"line":32,"column":36},"end":{"line":32,"column":57}},"line":32},"3":{"name":"(anonymous_3)","decl":{"start":{"line":42,"column":63},"end":{"line":42,"column":64}},"loc":{"start":{"line":42,"column":69},"end":{"line":42,"column":86}},"line":42},"4":{"name":"(anonymous_4)","decl":{"start":{"line":44,"column":55},"end":{"line":44,"column":56}},"loc":{"start":{"line":44,"column":73},"end":{"line":54,"column":9}},"line":44},"5":{"name":"(anonymous_5)","decl":{"start":{"line":49,"column":25},"end":{"line":49,"column":26}},"loc":{"start":{"line":49,"column":31},"end":{"line":49,"column":48}},"line":49}},"branchMap":{"0":{"loc":{"start":{"line":20,"column":7},"end":{"line":21,"column":70}},"type":"binary-expr","locations":[{"start":{"line":20,"column":7},"end":{"line":20,"column":40}},{"start":{"line":20,"column":44},"end":{"line":20,"column":61}},{"start":{"line":21,"column":6},"end":{"line":21,"column":70}}],"line":20},"1":{"loc":{"start":{"line":23,"column":7},"end":{"line":24,"column":72}},"type":"binary-expr","locations":[{"start":{"line":23,"column":7},"end":{"line":23,"column":40}},{"start":{"line":23,"column":44},"end":{"line":23,"column":90}},{"start":{"line":24,"column":6},"end":{"line":24,"column":72}}],"line":23},"2":{"loc":{"start":{"line":28,"column":10},"end":{"line":39,"column":12}},"type":"binary-expr","locations":[{"start":{"line":28,"column":10},"end":{"line":28,"column":29}},{"start":{"line":28,"column":33},"end":{"line":39,"column":12}}],"line":28},"3":{"loc":{"start":{"line":33,"column":29},"end":{"line":33,"column":85}},"type":"cond-expr","locations":[{"start":{"line":33,"column":53},"end":{"line":33,"column":71}},{"start":{"line":33,"column":74},"end":{"line":33,"column":85}}],"line":33},"4":{"loc":{"start":{"line":35,"column":23},"end":{"line":35,"column":155}},"type":"cond-expr","locations":[{"start":{"line":35,"column":43},"end":{"line":35,"column":145}},{"start":{"line":35,"column":147},"end":{"line":35,"column":155}}],"line":35},"5":{"loc":{"start":{"line":44,"column":8},"end":{"line":54,"column":10}},"type":"binary-expr","locations":[{"start":{"line":44,"column":8},"end":{"line":44,"column":27}},{"start":{"line":44,"column":31},"end":{"line":54,"column":10}}],"line":44},"6":{"loc":{"start":{"line":47,"column":15},"end":{"line":51,"column":167}},"type":"binary-expr","locations":[{"start":{"line":47,"column":15},"end":{"line":47,"column":36}},{"start":{"line":48,"column":15},"end":{"line":51,"column":166}}],"line":47},"7":{"loc":{"start":{"line":51,"column":21},"end":{"line":51,"column":156}},"type":"cond-expr","locations":[{"start":{"line":51,"column":42},"end":{"line":51,"column":144}},{"start":{"line":51,"column":147},"end":{"line":51,"column":156}}],"line":51}},"s":{"0":1,"1":1,"2":1,"3":1,"4":6,"5":0,"6":0,"7":6,"8":0},"f":{"0":1,"1":6,"2":0,"3":0,"4":6,"5":0},"b":{"0":[1,1,0],"1":[1,1,1],"2":[1,1],"3":[1,5],"4":[0,6],"5":[1,1],"6":[6,1],"7":[0,1]},"_coverageSchema":"1a1c01bbd47fc00a2c39e90264f33305004495a9","hash":"9a554498dc9ee18153b8170d4013a282ae5ebd9d"}
,"/Users/curtiswang/projects/Hack Reactor/Immersive/FEC/client/src/Components/Overview/ExpandedView.jsx": {"path":"/Users/curtiswang/projects/Hack Reactor/Immersive/FEC/client/src/Components/Overview/ExpandedView.jsx","statementMap":{"0":{"start":{"line":8,"column":30},"end":{"line":8,"column":35}},"1":{"start":{"line":10,"column":21},"end":{"line":71,"column":1}},"2":{"start":{"line":12,"column":30},"end":{"line":12,"column":45}},"3":{"start":{"line":22,"column":2},"end":{"line":70,"column":4}},"4":{"start":{"line":33,"column":12},"end":{"line":42,"column":14}},"5":{"start":{"line":36,"column":33},"end":{"line":36,"column":54}},"6":{"start":{"line":47,"column":78},"end":{"line":47,"column":95}},"7":{"start":{"line":51,"column":10},"end":{"line":60,"column":12}},"8":{"start":{"line":56,"column":31},"end":{"line":56,"column":49}}},"fnMap":{"0":{"name":"(anonymous_0)","decl":{"start":{"line":10,"column":21},"end":{"line":10,"column":22}},"loc":{"start":{"line":10,"column":109},"end":{"line":71,"column":1}},"line":10},"1":{"name":"(anonymous_1)","decl":{"start":{"line":32,"column":68},"end":{"line":32,"column":69}},"loc":{"start":{"line":32,"column":85},"end":{"line":43,"column":11}},"line":32},"2":{"name":"(anonymous_2)","decl":{"start":{"line":36,"column":27},"end":{"line":36,"column":28}},"loc":{"start":{"line":36,"column":33},"end":{"line":36,"column":54}},"line":36},"3":{"name":"(anonymous_3)","decl":{"start":{"line":47,"column":72},"end":{"line":47,"column":73}},"loc":{"start":{"line":47,"column":78},"end":{"line":47,"column":95}},"line":47},"4":{"name":"(anonymous_4)","decl":{"start":{"line":50,"column":66},"end":{"line":50,"column":67}},"loc":{"start":{"line":50,"column":84},"end":{"line":61,"column":9}},"line":50},"5":{"name":"(anonymous_5)","decl":{"start":{"line":56,"column":25},"end":{"line":56,"column":26}},"loc":{"start":{"line":56,"column":31},"end":{"line":56,"column":49}},"line":56}},"branchMap":{"0":{"loc":{"start":{"line":24,"column":7},"end":{"line":25,"column":79}},"type":"binary-expr","locations":[{"start":{"line":24,"column":7},"end":{"line":24,"column":40}},{"start":{"line":24,"column":44},"end":{"line":24,"column":61}},{"start":{"line":24,"column":65},"end":{"line":24,"column":72}},{"start":{"line":25,"column":6},"end":{"line":25,"column":79}}],"line":24},"1":{"loc":{"start":{"line":27,"column":7},"end":{"line":28,"column":81}},"type":"binary-expr","locations":[{"start":{"line":27,"column":7},"end":{"line":27,"column":40}},{"start":{"line":27,"column":44},"end":{"line":27,"column":90}},{"start":{"line":27,"column":94},"end":{"line":27,"column":101}},{"start":{"line":28,"column":6},"end":{"line":28,"column":81}}],"line":27},"2":{"loc":{"start":{"line":32,"column":10},"end":{"line":43,"column":12}},"type":"binary-expr","locations":[{"start":{"line":32,"column":10},"end":{"line":32,"column":29}},{"start":{"line":32,"column":33},"end":{"line":32,"column":40}},{"start":{"line":32,"column":44},"end":{"line":43,"column":12}}],"line":32},"3":{"loc":{"start":{"line":37,"column":29},"end":{"line":37,"column":85}},"type":"cond-expr","locations":[{"start":{"line":37,"column":53},"end":{"line":37,"column":71}},{"start":{"line":37,"column":74},"end":{"line":37,"column":85}}],"line":37},"4":{"loc":{"start":{"line":39,"column":23},"end":{"line":39,"column":155}},"type":"cond-expr","locations":[{"start":{"line":39,"column":43},"end":{"line":39,"column":145}},{"start":{"line":39,"column":147},"end":{"line":39,"column":155}}],"line":39},"5":{"loc":{"start":{"line":46,"column":7},"end":{"line":47,"column":104}},"type":"binary-expr","locations":[{"start":{"line":46,"column":7},"end":{"line":46,"column":14}},{"start":{"line":47,"column":6},"end":{"line":47,"column":104}}],"line":46},"6":{"loc":{"start":{"line":50,"column":8},"end":{"line":61,"column":10}},"type":"binary-expr","locations":[{"start":{"line":50,"column":8},"end":{"line":50,"column":27}},{"start":{"line":50,"column":31},"end":{"line":50,"column":38}},{"start":{"line":50,"column":42},"end":{"line":61,"column":10}}],"line":50},"7":{"loc":{"start":{"line":54,"column":15},"end":{"line":58,"column":167}},"type":"binary-expr","locations":[{"start":{"line":54,"column":15},"end":{"line":54,"column":36}},{"start":{"line":55,"column":15},"end":{"line":58,"column":166}}],"line":54},"8":{"loc":{"start":{"line":58,"column":21},"end":{"line":58,"column":156}},"type":"cond-expr","locations":[{"start":{"line":58,"column":42},"end":{"line":58,"column":144}},{"start":{"line":58,"column":147},"end":{"line":58,"column":156}}],"line":58},"9":{"loc":{"start":{"line":64,"column":8},"end":{"line":67,"column":14}},"type":"binary-expr","locations":[{"start":{"line":64,"column":8},"end":{"line":64,"column":24}},{"start":{"line":65,"column":8},"end":{"line":67,"column":14}}],"line":64}},"s":{"0":1,"1":1,"2":0,"3":0,"4":0,"5":0,"6":0,"7":0,"8":0},"f":{"0":0,"1":0,"2":0,"3":0,"4":0,"5":0},"b":{"0":[0,0,0,0],"1":[0,0,0,0],"2":[0,0,0],"3":[0,0],"4":[0,0],"5":[0,0],"6":[0,0,0],"7":[0,0],"8":[0,0],"9":[0,0]},"_coverageSchema":"1a1c01bbd47fc00a2c39e90264f33305004495a9","hash":"5e6c4f0f2b54d48004f99c30a4943df24346a549"}
,"/Users/curtiswang/projects/Hack Reactor/Immersive/FEC/client/src/Components/Overview/ImageGallery.jsx": {"path":"/Users/curtiswang/projects/Hack Reactor/Immersive/FEC/client/src/Components/Overview/ImageGallery.jsx","statementMap":{"0":{"start":{"line":10,"column":30},"end":{"line":10,"column":35}},"1":{"start":{"line":12,"column":21},"end":{"line":34,"column":1}},"2":{"start":{"line":13,"column":40},"end":{"line":13,"column":51}},"3":{"start":{"line":15,"column":20},"end":{"line":17,"column":3}},"4":{"start":{"line":16,"column":4},"end":{"line":16,"column":89}},"5":{"start":{"line":19,"column":20},"end":{"line":21,"column":3}},"6":{"start":{"line":20,"column":4},"end":{"line":20,"column":89}},"7":{"start":{"line":23,"column":2},"end":{"line":33,"column":4}}},"fnMap":{"0":{"name":"(anonymous_0)","decl":{"start":{"line":12,"column":21},"end":{"line":12,"column":22}},"loc":{"start":{"line":12,"column":68},"end":{"line":34,"column":1}},"line":12},"1":{"name":"(anonymous_1)","decl":{"start":{"line":15,"column":20},"end":{"line":15,"column":21}},"loc":{"start":{"line":15,"column":26},"end":{"line":17,"column":3}},"line":15},"2":{"name":"(anonymous_2)","decl":{"start":{"line":19,"column":20},"end":{"line":19,"column":21}},"loc":{"start":{"line":19,"column":26},"end":{"line":21,"column":3}},"line":19}},"branchMap":{"0":{"loc":{"start":{"line":16,"column":19},"end":{"line":16,"column":87}},"type":"cond-expr","locations":[{"start":{"line":16,"column":68},"end":{"line":16,"column":69}},{"start":{"line":16,"column":72},"end":{"line":16,"column":87}}],"line":16},"1":{"loc":{"start":{"line":20,"column":19},"end":{"line":20,"column":87}},"type":"cond-expr","locations":[{"start":{"line":20,"column":39},"end":{"line":20,"column":69}},{"start":{"line":20,"column":72},"end":{"line":20,"column":87}}],"line":20},"2":{"loc":{"start":{"line":25,"column":7},"end":{"line":26,"column":191}},"type":"binary-expr","locations":[{"start":{"line":25,"column":7},"end":{"line":25,"column":16}},{"start":{"line":26,"column":8},"end":{"line":26,"column":191}}],"line":25},"3":{"loc":{"start":{"line":29,"column":8},"end":{"line":30,"column":187}},"type":"binary-expr","locations":[{"start":{"line":29,"column":8},"end":{"line":29,"column":16}},{"start":{"line":30,"column":8},"end":{"line":30,"column":187}}],"line":29}},"s":{"0":1,"1":1,"2":1,"3":1,"4":0,"5":1,"6":0,"7":1},"f":{"0":1,"1":0,"2":0},"b":{"0":[0,0],"1":[0,0],"2":[1,1],"3":[1,0]},"_coverageSchema":"1a1c01bbd47fc00a2c39e90264f33305004495a9","hash":"ffcf5db8f491df55bdaa688221ec3f66ce7e69e0"}
,"/Users/curtiswang/projects/Hack Reactor/Immersive/FEC/client/src/Components/Overview/ZoomView.jsx": {"path":"/Users/curtiswang/projects/Hack Reactor/Immersive/FEC/client/src/Components/Overview/ZoomView.jsx","statementMap":{"0":{"start":{"line":2,"column":30},"end":{"line":2,"column":35}},"1":{"start":{"line":4,"column":23},"end":{"line":80,"column":1}},"2":{"start":{"line":5,"column":26},"end":{"line":5,"column":42}},"3":{"start":{"line":6,"column":43},"end":{"line":6,"column":59}},"4":{"start":{"line":7,"column":44},"end":{"line":7,"column":59}},"5":{"start":{"line":8,"column":2},"end":{"line":79,"column":4}},"6":{"start":{"line":10,"column":21},"end":{"line":10,"column":37}},"7":{"start":{"line":27,"column":23},"end":{"line":27,"column":38}},"8":{"start":{"line":28,"column":36},"end":{"line":28,"column":64}},"9":{"start":{"line":29,"column":10},"end":{"line":29,"column":35}},"10":{"start":{"line":30,"column":10},"end":{"line":30,"column":33}},"11":{"start":{"line":34,"column":23},"end":{"line":34,"column":38}},"12":{"start":{"line":35,"column":32},"end":{"line":35,"column":60}},"13":{"start":{"line":38,"column":20},"end":{"line":38,"column":55}},"14":{"start":{"line":39,"column":20},"end":{"line":39,"column":54}},"15":{"start":{"line":40,"column":10},"end":{"line":40,"column":24}},"16":{"start":{"line":44,"column":10},"end":{"line":44,"column":34}}},"fnMap":{"0":{"name":"(anonymous_0)","decl":{"start":{"line":4,"column":23},"end":{"line":4,"column":24}},"loc":{"start":{"line":4,"column":130},"end":{"line":80,"column":1}},"line":4},"1":{"name":"(anonymous_1)","decl":{"start":{"line":10,"column":15},"end":{"line":10,"column":16}},"loc":{"start":{"line":10,"column":21},"end":{"line":10,"column":37}},"line":10},"2":{"name":"(anonymous_2)","decl":{"start":{"line":25,"column":22},"end":{"line":25,"column":23}},"loc":{"start":{"line":25,"column":29},"end":{"line":31,"column":9}},"line":25},"3":{"name":"(anonymous_3)","decl":{"start":{"line":32,"column":21},"end":{"line":32,"column":22}},"loc":{"start":{"line":32,"column":28},"end":{"line":41,"column":9}},"line":32},"4":{"name":"(anonymous_4)","decl":{"start":{"line":42,"column":22},"end":{"line":42,"column":23}},"loc":{"start":{"line":42,"column":28},"end":{"line":45,"column":9}},"line":42}},"branchMap":{"0":{"loc":{"start":{"line":4,"column":45},"end":{"line":4,"column":66}},"type":"default-arg","locations":[{"start":{"line":4,"column":63},"end":{"line":4,"column":66}}],"line":4},"1":{"loc":{"start":{"line":4,"column":68},"end":{"line":4,"column":88}},"type":"default-arg","locations":[{"start":{"line":4,"column":85},"end":{"line":4,"column":88}}],"line":4},"2":{"loc":{"start":{"line":4,"column":90},"end":{"line":4,"column":105}},"type":"default-arg","locations":[{"start":{"line":4,"column":102},"end":{"line":4,"column":105}}],"line":4},"3":{"loc":{"start":{"line":51,"column":19},"end":{"line":51,"column":46}},"type":"cond-expr","locations":[{"start":{"line":51,"column":35},"end":{"line":51,"column":37}},{"start":{"line":51,"column":40},"end":{"line":51,"column":46}}],"line":51}},"s":{"0":1,"1":1,"2":0,"3":0,"4":0,"5":0,"6":0,"7":0,"8":0,"9":0,"10":0,"11":0,"12":0,"13":0,"14":0,"15":0,"16":0},"f":{"0":0,"1":0,"2":0,"3":0,"4":0},"b":{"0":[0],"1":[0],"2":[0],"3":[0,0]},"_coverageSchema":"1a1c01bbd47fc00a2c39e90264f33305004495a9","hash":"2b8281ebf8a9c23c64110616b5c29de330a3ad0c"}
,"/Users/curtiswang/projects/Hack Reactor/Immersive/FEC/client/src/Components/QnA/AnswerEntry.jsx": {"path":"/Users/curtiswang/projects/Hack Reactor/Immersive/FEC/client/src/Components/QnA/AnswerEntry.jsx","statementMap":{"0":{"start":{"line":6,"column":20},"end":{"line":53,"column":1}},"1":{"start":{"line":8,"column":46},"end":{"line":8,"column":61}},"2":{"start":{"line":9,"column":44},"end":{"line":9,"column":59}},"3":{"start":{"line":11,"column":29},"end":{"line":18,"column":3}},"4":{"start":{"line":12,"column":4},"end":{"line":12,"column":23}},"5":{"start":{"line":13,"column":4},"end":{"line":17,"column":70}},"6":{"start":{"line":15,"column":8},"end":{"line":15,"column":43}},"7":{"start":{"line":17,"column":20},"end":{"line":17,"column":68}},"8":{"start":{"line":20,"column":24},"end":{"line":27,"column":3}},"9":{"start":{"line":21,"column":4},"end":{"line":21,"column":23}},"10":{"start":{"line":22,"column":4},"end":{"line":26,"column":70}},"11":{"start":{"line":24,"column":8},"end":{"line":24,"column":41}},"12":{"start":{"line":26,"column":20},"end":{"line":26,"column":68}},"13":{"start":{"line":29,"column":2},"end":{"line":52,"column":4}},"14":{"start":{"line":36,"column":12},"end":{"line":36,"column":63}},"15":{"start":{"line":44,"column":45},"end":{"line":44,"column":63}},"16":{"start":{"line":48,"column":48},"end":{"line":48,"column":66}},"17":{"start":{"line":57,"column":25},"end":{"line":61,"column":1}},"18":{"start":{"line":63,"column":25},"end":{"line":69,"column":1}},"19":{"start":{"line":71,"column":22},"end":{"line":73,"column":1}},"20":{"start":{"line":75,"column":29},"end":{"line":79,"column":1}},"21":{"start":{"line":81,"column":23},"end":{"line":82,"column":1}},"22":{"start":{"line":84,"column":18},"end":{"line":85,"column":1}},"23":{"start":{"line":87,"column":21},"end":{"line":88,"column":1}},"24":{"start":{"line":90,"column":14},"end":{"line":94,"column":1}}},"fnMap":{"0":{"name":"(anonymous_0)","decl":{"start":{"line":6,"column":20},"end":{"line":6,"column":21}},"loc":{"start":{"line":6,"column":35},"end":{"line":53,"column":1}},"line":6},"1":{"name":"(anonymous_1)","decl":{"start":{"line":11,"column":29},"end":{"line":11,"column":30}},"loc":{"start":{"line":11,"column":36},"end":{"line":18,"column":3}},"line":11},"2":{"name":"(anonymous_2)","decl":{"start":{"line":14,"column":12},"end":{"line":14,"column":13}},"loc":{"start":{"line":14,"column":23},"end":{"line":16,"column":7}},"line":14},"3":{"name":"(anonymous_3)","decl":{"start":{"line":17,"column":13},"end":{"line":17,"column":14}},"loc":{"start":{"line":17,"column":20},"end":{"line":17,"column":68}},"line":17},"4":{"name":"(anonymous_4)","decl":{"start":{"line":20,"column":24},"end":{"line":20,"column":25}},"loc":{"start":{"line":20,"column":31},"end":{"line":27,"column":3}},"line":20},"5":{"name":"(anonymous_5)","decl":{"start":{"line":23,"column":12},"end":{"line":23,"column":13}},"loc":{"start":{"line":23,"column":23},"end":{"line":25,"column":7}},"line":23},"6":{"name":"(anonymous_6)","decl":{"start":{"line":26,"column":13},"end":{"line":26,"column":14}},"loc":{"start":{"line":26,"column":20},"end":{"line":26,"column":68}},"line":26},"7":{"name":"(anonymous_7)","decl":{"start":{"line":35,"column":29},"end":{"line":35,"column":30}},"loc":{"start":{"line":35,"column":47},"end":{"line":37,"column":11}},"line":35},"8":{"name":"(anonymous_8)","decl":{"start":{"line":44,"column":40},"end":{"line":44,"column":41}},"loc":{"start":{"line":44,"column":45},"end":{"line":44,"column":63}},"line":44},"9":{"name":"(anonymous_9)","decl":{"start":{"line":48,"column":43},"end":{"line":48,"column":44}},"loc":{"start":{"line":48,"column":48},"end":{"line":48,"column":66}},"line":48}},"branchMap":{"0":{"loc":{"start":{"line":33,"column":9},"end":{"line":37,"column":12}},"type":"cond-expr","locations":[{"start":{"line":34,"column":12},"end":{"line":34,"column":16}},{"start":{"line":35,"column":12},"end":{"line":37,"column":12}}],"line":33},"1":{"loc":{"start":{"line":43,"column":9},"end":{"line":45,"column":97}},"type":"cond-expr","locations":[{"start":{"line":44,"column":12},"end":{"line":44,"column":106}},{"start":{"line":45,"column":12},"end":{"line":45,"column":97}}],"line":43},"2":{"loc":{"start":{"line":47,"column":9},"end":{"line":49,"column":86}},"type":"cond-expr","locations":[{"start":{"line":48,"column":12},"end":{"line":48,"column":91}},{"start":{"line":49,"column":12},"end":{"line":49,"column":86}}],"line":47}},"s":{"0":1,"1":0,"2":0,"3":0,"4":0,"5":0,"6":0,"7":0,"8":0,"9":0,"10":0,"11":0,"12":0,"13":0,"14":0,"15":0,"16":0,"17":1,"18":1,"19":1,"20":1,"21":1,"22":1,"23":1,"24":1},"f":{"0":0,"1":0,"2":0,"3":0,"4":0,"5":0,"6":0,"7":0,"8":0,"9":0},"b":{"0":[0,0],"1":[0,0],"2":[0,0]},"_coverageSchema":"1a1c01bbd47fc00a2c39e90264f33305004495a9","hash":"dc4730c5f13e5891f0aa265780e531ecc4de0d70"}
,"/Users/curtiswang/projects/Hack Reactor/Immersive/FEC/client/src/Components/QnA/AnswerModal.jsx": {"path":"/Users/curtiswang/projects/Hack Reactor/Immersive/FEC/client/src/Components/QnA/AnswerModal.jsx","statementMap":{"0":{"start":{"line":6,"column":20},"end":{"line":151,"column":1}},"1":{"start":{"line":8,"column":19},"end":{"line":8,"column":31}},"2":{"start":{"line":9,"column":20},"end":{"line":9,"column":32}},"3":{"start":{"line":10,"column":22},"end":{"line":10,"column":34}},"4":{"start":{"line":11,"column":19},"end":{"line":11,"column":31}},"5":{"start":{"line":13,"column":30},"end":{"line":13,"column":42}},"6":{"start":{"line":14,"column":40},"end":{"line":14,"column":55}},"7":{"start":{"line":15,"column":36},"end":{"line":15,"column":50}},"8":{"start":{"line":16,"column":42},"end":{"line":16,"column":57}},"9":{"start":{"line":17,"column":32},"end":{"line":17,"column":46}},"10":{"start":{"line":19,"column":2},"end":{"line":22,"column":9}},"11":{"start":{"line":20,"column":4},"end":{"line":20,"column":44}},"12":{"start":{"line":21,"column":4},"end":{"line":21,"column":56}},"13":{"start":{"line":21,"column":17},"end":{"line":21,"column":55}},"14":{"start":{"line":24,"column":2},"end":{"line":28,"column":9}},"15":{"start":{"line":25,"column":4},"end":{"line":27,"column":7}},"16":{"start":{"line":26,"column":6},"end":{"line":26,"column":24}},"17":{"start":{"line":30,"column":2},"end":{"line":34,"column":18}},"18":{"start":{"line":31,"column":4},"end":{"line":33,"column":5}},"19":{"start":{"line":32,"column":6},"end":{"line":32,"column":40}},"20":{"start":{"line":36,"column":24},"end":{"line":55,"column":3}},"21":{"start":{"line":37,"column":21},"end":{"line":37,"column":91}},"22":{"start":{"line":38,"column":4},"end":{"line":41,"column":5}},"23":{"start":{"line":39,"column":6},"end":{"line":39,"column":52}},"24":{"start":{"line":40,"column":6},"end":{"line":40,"column":19}},"25":{"start":{"line":42,"column":4},"end":{"line":45,"column":5}},"26":{"start":{"line":43,"column":6},"end":{"line":43,"column":49}},"27":{"start":{"line":44,"column":6},"end":{"line":44,"column":19}},"28":{"start":{"line":46,"column":4},"end":{"line":49,"column":5}},"29":{"start":{"line":47,"column":6},"end":{"line":47,"column":74}},"30":{"start":{"line":48,"column":6},"end":{"line":48,"column":19}},"31":{"start":{"line":50,"column":4},"end":{"line":53,"column":5}},"32":{"start":{"line":51,"column":6},"end":{"line":51,"column":67}},"33":{"start":{"line":52,"column":6},"end":{"line":52,"column":19}},"34":{"start":{"line":54,"column":4},"end":{"line":54,"column":16}},"35":{"start":{"line":57,"column":24},"end":{"line":76,"column":3}},"36":{"start":{"line":58,"column":4},"end":{"line":58,"column":23}},"37":{"start":{"line":59,"column":15},"end":{"line":59,"column":17}},"38":{"start":{"line":60,"column":4},"end":{"line":60,"column":40}},"39":{"start":{"line":61,"column":4},"end":{"line":61,"column":42}},"40":{"start":{"line":62,"column":4},"end":{"line":62,"column":40}},"41":{"start":{"line":63,"column":4},"end":{"line":63,"column":25}},"42":{"start":{"line":64,"column":4},"end":{"line":74,"column":5}},"43":{"start":{"line":65,"column":6},"end":{"line":73,"column":67}},"44":{"start":{"line":67,"column":10},"end":{"line":67,"column":37}},"45":{"start":{"line":68,"column":10},"end":{"line":68,"column":24}},"46":{"start":{"line":69,"column":10},"end":{"line":71,"column":81}},"47":{"start":{"line":70,"column":29},"end":{"line":70,"column":65}},"48":{"start":{"line":71,"column":26},"end":{"line":71,"column":79}},"49":{"start":{"line":73,"column":22},"end":{"line":73,"column":65}},"50":{"start":{"line":75,"column":4},"end":{"line":75,"column":26}},"51":{"start":{"line":78,"column":29},"end":{"line":82,"column":3}},"52":{"start":{"line":79,"column":4},"end":{"line":79,"column":23}},"53":{"start":{"line":80,"column":19},"end":{"line":80,"column":59}},"54":{"start":{"line":80,"column":47},"end":{"line":80,"column":58}},"55":{"start":{"line":81,"column":4},"end":{"line":81,"column":24}},"56":{"start":{"line":84,"column":25},"end":{"line":88,"column":3}},"57":{"start":{"line":85,"column":4},"end":{"line":85,"column":23}},"58":{"start":{"line":86,"column":4},"end":{"line":86,"column":35}},"59":{"start":{"line":87,"column":4},"end":{"line":87,"column":20}},"60":{"start":{"line":90,"column":2},"end":{"line":150,"column":4}},"61":{"start":{"line":92,"column":31},"end":{"line":92,"column":57}},"62":{"start":{"line":108,"column":12},"end":{"line":115,"column":29}},"63":{"start":{"line":109,"column":54},"end":{"line":109,"column":78}},"64":{"start":{"line":111,"column":53},"end":{"line":111,"column":83}},"65":{"start":{"line":114,"column":44},"end":{"line":114,"column":72}},"66":{"start":{"line":142,"column":12},"end":{"line":142,"column":31}},"67":{"start":{"line":143,"column":12},"end":{"line":143,"column":36}},"68":{"start":{"line":144,"column":12},"end":{"line":144,"column":33}},"69":{"start":{"line":155,"column":26},"end":{"line":170,"column":1}},"70":{"start":{"line":172,"column":17},"end":{"line":175,"column":1}},"71":{"start":{"line":177,"column":24},"end":{"line":195,"column":1}},"72":{"start":{"line":197,"column":19},"end":{"line":205,"column":1}},"73":{"start":{"line":207,"column":18},"end":{"line":208,"column":1}},"74":{"start":{"line":210,"column":17},"end":{"line":216,"column":1}},"75":{"start":{"line":218,"column":21},"end":{"line":220,"column":1}},"76":{"start":{"line":222,"column":16},"end":{"line":225,"column":1}},"77":{"start":{"line":227,"column":19},"end":{"line":230,"column":1}},"78":{"start":{"line":232,"column":20},"end":{"line":235,"column":1}},"79":{"start":{"line":237,"column":20},"end":{"line":240,"column":1}},"80":{"start":{"line":242,"column":20},"end":{"line":245,"column":1}},"81":{"start":{"line":247,"column":25},"end":{"line":249,"column":1}},"82":{"start":{"line":251,"column":25},"end":{"line":253,"column":1}},"83":{"start":{"line":255,"column":19},"end":{"line":259,"column":1}},"84":{"start":{"line":260,"column":19},"end":{"line":261,"column":1}},"85":{"start":{"line":262,"column":17},"end":{"line":265,"column":1}},"86":{"start":{"line":267,"column":23},"end":{"line":271,"column":1}},"87":{"start":{"line":273,"column":23},"end":{"line":277,"column":1}},"88":{"start":{"line":279,"column":19},"end":{"line":283,"column":1}},"89":{"start":{"line":285,"column":24},"end":{"line":288,"column":1}}},"fnMap":{"0":{"name":"(anonymous_0)","decl":{"start":{"line":6,"column":20},"end":{"line":6,"column":21}},"loc":{"start":{"line":6,"column":111},"end":{"line":151,"column":1}},"line":6},"1":{"name":"(anonymous_1)","decl":{"start":{"line":19,"column":12},"end":{"line":19,"column":13}},"loc":{"start":{"line":19,"column":18},"end":{"line":22,"column":3}},"line":19},"2":{"name":"(anonymous_2)","decl":{"start":{"line":21,"column":11},"end":{"line":21,"column":12}},"loc":{"start":{"line":21,"column":17},"end":{"line":21,"column":55}},"line":21},"3":{"name":"(anonymous_3)","decl":{"start":{"line":24,"column":12},"end":{"line":24,"column":13}},"loc":{"start":{"line":24,"column":18},"end":{"line":28,"column":3}},"line":24},"4":{"name":"(anonymous_4)","decl":{"start":{"line":25,"column":46},"end":{"line":25,"column":47}},"loc":{"start":{"line":25,"column":55},"end":{"line":27,"column":5}},"line":25},"5":{"name":"(anonymous_5)","decl":{"start":{"line":30,"column":12},"end":{"line":30,"column":13}},"loc":{"start":{"line":30,"column":18},"end":{"line":34,"column":3}},"line":30},"6":{"name":"(anonymous_6)","decl":{"start":{"line":36,"column":24},"end":{"line":36,"column":25}},"loc":{"start":{"line":36,"column":30},"end":{"line":55,"column":3}},"line":36},"7":{"name":"(anonymous_7)","decl":{"start":{"line":57,"column":24},"end":{"line":57,"column":25}},"loc":{"start":{"line":57,"column":29},"end":{"line":76,"column":3}},"line":57},"8":{"name":"(anonymous_8)","decl":{"start":{"line":66,"column":14},"end":{"line":66,"column":15}},"loc":{"start":{"line":66,"column":25},"end":{"line":72,"column":9}},"line":66},"9":{"name":"(anonymous_9)","decl":{"start":{"line":70,"column":18},"end":{"line":70,"column":19}},"loc":{"start":{"line":70,"column":29},"end":{"line":70,"column":65}},"line":70},"10":{"name":"(anonymous_10)","decl":{"start":{"line":71,"column":19},"end":{"line":71,"column":20}},"loc":{"start":{"line":71,"column":26},"end":{"line":71,"column":79}},"line":71},"11":{"name":"(anonymous_11)","decl":{"start":{"line":73,"column":15},"end":{"line":73,"column":16}},"loc":{"start":{"line":73,"column":22},"end":{"line":73,"column":65}},"line":73},"12":{"name":"(anonymous_12)","decl":{"start":{"line":78,"column":29},"end":{"line":78,"column":30}},"loc":{"start":{"line":78,"column":43},"end":{"line":82,"column":3}},"line":78},"13":{"name":"(anonymous_13)","decl":{"start":{"line":80,"column":33},"end":{"line":80,"column":34}},"loc":{"start":{"line":80,"column":47},"end":{"line":80,"column":58}},"line":80},"14":{"name":"(anonymous_14)","decl":{"start":{"line":84,"column":25},"end":{"line":84,"column":26}},"loc":{"start":{"line":84,"column":37},"end":{"line":88,"column":3}},"line":84},"15":{"name":"(anonymous_15)","decl":{"start":{"line":92,"column":25},"end":{"line":92,"column":26}},"loc":{"start":{"line":92,"column":31},"end":{"line":92,"column":57}},"line":92},"16":{"name":"(anonymous_16)","decl":{"start":{"line":107,"column":36},"end":{"line":107,"column":37}},"loc":{"start":{"line":107,"column":54},"end":{"line":116,"column":11}},"line":107},"17":{"name":"(anonymous_17)","decl":{"start":{"line":109,"column":47},"end":{"line":109,"column":48}},"loc":{"start":{"line":109,"column":54},"end":{"line":109,"column":78}},"line":109},"18":{"name":"(anonymous_18)","decl":{"start":{"line":111,"column":48},"end":{"line":111,"column":49}},"loc":{"start":{"line":111,"column":53},"end":{"line":111,"column":83}},"line":111},"19":{"name":"(anonymous_19)","decl":{"start":{"line":114,"column":39},"end":{"line":114,"column":40}},"loc":{"start":{"line":114,"column":44},"end":{"line":114,"column":72}},"line":114},"20":{"name":"(anonymous_20)","decl":{"start":{"line":141,"column":37},"end":{"line":141,"column":38}},"loc":{"start":{"line":141,"column":44},"end":{"line":145,"column":11}},"line":141}},"branchMap":{"0":{"loc":{"start":{"line":31,"column":4},"end":{"line":33,"column":5}},"type":"if","locations":[{"start":{"line":31,"column":4},"end":{"line":33,"column":5}},{"start":{},"end":{}}],"line":31},"1":{"loc":{"start":{"line":38,"column":4},"end":{"line":41,"column":5}},"type":"if","locations":[{"start":{"line":38,"column":4},"end":{"line":41,"column":5}},{"start":{},"end":{}}],"line":38},"2":{"loc":{"start":{"line":42,"column":4},"end":{"line":45,"column":5}},"type":"if","locations":[{"start":{"line":42,"column":4},"end":{"line":45,"column":5}},{"start":{},"end":{}}],"line":42},"3":{"loc":{"start":{"line":46,"column":4},"end":{"line":49,"column":5}},"type":"if","locations":[{"start":{"line":46,"column":4},"end":{"line":49,"column":5}},{"start":{},"end":{}}],"line":46},"4":{"loc":{"start":{"line":50,"column":4},"end":{"line":53,"column":5}},"type":"if","locations":[{"start":{"line":50,"column":4},"end":{"line":53,"column":5}},{"start":{},"end":{}}],"line":50},"5":{"loc":{"start":{"line":64,"column":4},"end":{"line":74,"column":5}},"type":"if","locations":[{"start":{"line":64,"column":4},"end":{"line":74,"column":5}},{"start":{},"end":{}}],"line":64},"6":{"loc":{"start":{"line":106,"column":9},"end":{"line":117,"column":64}},"type":"cond-expr","locations":[{"start":{"line":107,"column":12},"end":{"line":116,"column":26}},{"start":{"line":117,"column":12},"end":{"line":117,"column":64}}],"line":106},"7":{"loc":{"start":{"line":106,"column":9},"end":{"line":106,"column":41}},"type":"binary-expr","locations":[{"start":{"line":106,"column":9},"end":{"line":106,"column":20}},{"start":{"line":106,"column":24},"end":{"line":106,"column":41}}],"line":106},"8":{"loc":{"start":{"line":110,"column":17},"end":{"line":112,"column":24}},"type":"cond-expr","locations":[{"start":{"line":111,"column":20},"end":{"line":111,"column":140}},{"start":{"line":112,"column":20},"end":{"line":112,"column":24}}],"line":110}},"s":{"0":1,"1":0,"2":0,"3":0,"4":0,"5":0,"6":0,"7":0,"8":0,"9":0,"10":0,"11":0,"12":0,"13":0,"14":0,"15":0,"16":0,"17":0,"18":0,"19":0,"20":0,"21":0,"22":0,"23":0,"24":0,"25":0,"26":0,"27":0,"28":0,"29":0,"30":0,"31":0,"32":0,"33":0,"34":0,"35":0,"36":0,"37":0,"38":0,"39":0,"40":0,"41":0,"42":0,"43":0,"44":0,"45":0,"46":0,"47":0,"48":0,"49":0,"50":0,"51":0,"52":0,"53":0,"54":0,"55":0,"56":0,"57":0,"58":0,"59":0,"60":0,"61":0,"62":0,"63":0,"64":0,"65":0,"66":0,"67":0,"68":0,"69":1,"70":1,"71":1,"72":1,"73":1,"74":1,"75":1,"76":1,"77":1,"78":1,"79":1,"80":1,"81":1,"82":1,"83":1,"84":1,"85":1,"86":1,"87":1,"88":1,"89":1},"f":{"0":0,"1":0,"2":0,"3":0,"4":0,"5":0,"6":0,"7":0,"8":0,"9":0,"10":0,"11":0,"12":0,"13":0,"14":0,"15":0,"16":0,"17":0,"18":0,"19":0,"20":0},"b":{"0":[0,0],"1":[0,0],"2":[0,0],"3":[0,0],"4":[0,0],"5":[0,0],"6":[0,0],"7":[0,0],"8":[0,0]},"_coverageSchema":"1a1c01bbd47fc00a2c39e90264f33305004495a9","hash":"71c8ba08e5a1e2d2deab46d681c20786302ecdf0"}
,"/Users/curtiswang/projects/Hack Reactor/Immersive/FEC/client/src/Components/QnA/AnswersList.jsx": {"path":"/Users/curtiswang/projects/Hack Reactor/Immersive/FEC/client/src/Components/QnA/AnswersList.jsx","statementMap":{"0":{"start":{"line":7,"column":20},"end":{"line":57,"column":1}},"1":{"start":{"line":9,"column":42},"end":{"line":9,"column":57}},"2":{"start":{"line":11,"column":2},"end":{"line":18,"column":33}},"3":{"start":{"line":12,"column":4},"end":{"line":17,"column":68}},"4":{"start":{"line":15,"column":8},"end":{"line":15,"column":45}},"5":{"start":{"line":17,"column":20},"end":{"line":17,"column":66}},"6":{"start":{"line":20,"column":2},"end":{"line":22,"column":20}},"7":{"start":{"line":21,"column":4},"end":{"line":21,"column":32}},"8":{"start":{"line":24,"column":2},"end":{"line":26,"column":9}},"9":{"start":{"line":25,"column":4},"end":{"line":25,"column":35}},"10":{"start":{"line":36,"column":27},"end":{"line":39,"column":3}},"11":{"start":{"line":37,"column":4},"end":{"line":37,"column":23}},"12":{"start":{"line":38,"column":4},"end":{"line":38,"column":35}},"13":{"start":{"line":41,"column":2},"end":{"line":56,"column":4}},"14":{"start":{"line":45,"column":10},"end":{"line":47,"column":11}},"15":{"start":{"line":46,"column":12},"end":{"line":46,"column":62}},"16":{"start":{"line":50,"column":10},"end":{"line":50,"column":60}},"17":{"start":{"line":61,"column":25},"end":{"line":65,"column":1}},"18":{"start":{"line":67,"column":24},"end":{"line":72,"column":1}}},"fnMap":{"0":{"name":"(anonymous_0)","decl":{"start":{"line":7,"column":20},"end":{"line":7,"column":21}},"loc":{"start":{"line":7,"column":69},"end":{"line":57,"column":1}},"line":7},"1":{"name":"(anonymous_1)","decl":{"start":{"line":11,"column":12},"end":{"line":11,"column":13}},"loc":{"start":{"line":11,"column":18},"end":{"line":18,"column":3}},"line":11},"2":{"name":"(anonymous_2)","decl":{"start":{"line":13,"column":12},"end":{"line":13,"column":13}},"loc":{"start":{"line":13,"column":23},"end":{"line":16,"column":7}},"line":13},"3":{"name":"(anonymous_3)","decl":{"start":{"line":17,"column":13},"end":{"line":17,"column":14}},"loc":{"start":{"line":17,"column":20},"end":{"line":17,"column":66}},"line":17},"4":{"name":"(anonymous_4)","decl":{"start":{"line":20,"column":12},"end":{"line":20,"column":13}},"loc":{"start":{"line":20,"column":18},"end":{"line":22,"column":3}},"line":20},"5":{"name":"(anonymous_5)","decl":{"start":{"line":24,"column":12},"end":{"line":24,"column":13}},"loc":{"start":{"line":24,"column":18},"end":{"line":26,"column":3}},"line":24},"6":{"name":"(anonymous_6)","decl":{"start":{"line":36,"column":27},"end":{"line":36,"column":28}},"loc":{"start":{"line":36,"column":34},"end":{"line":39,"column":3}},"line":36},"7":{"name":"(anonymous_7)","decl":{"start":{"line":44,"column":26},"end":{"line":44,"column":27}},"loc":{"start":{"line":44,"column":45},"end":{"line":48,"column":9}},"line":44},"8":{"name":"(anonymous_8)","decl":{"start":{"line":49,"column":26},"end":{"line":49,"column":27}},"loc":{"start":{"line":49,"column":45},"end":{"line":51,"column":9}},"line":49}},"branchMap":{"0":{"loc":{"start":{"line":43,"column":7},"end":{"line":51,"column":10}},"type":"cond-expr","locations":[{"start":{"line":44,"column":10},"end":{"line":48,"column":10}},{"start":{"line":49,"column":10},"end":{"line":51,"column":10}}],"line":43},"1":{"loc":{"start":{"line":43,"column":7},"end":{"line":43,"column":34}},"type":"binary-expr","locations":[{"start":{"line":43,"column":7},"end":{"line":43,"column":19}},{"start":{"line":43,"column":23},"end":{"line":43,"column":34}}],"line":43},"2":{"loc":{"start":{"line":45,"column":10},"end":{"line":47,"column":11}},"type":"if","locations":[{"start":{"line":45,"column":10},"end":{"line":47,"column":11}},{"start":{},"end":{}}],"line":45},"3":{"loc":{"start":{"line":52,"column":7},"end":{"line":54,"column":93}},"type":"cond-expr","locations":[{"start":{"line":53,"column":10},"end":{"line":53,"column":97}},{"start":{"line":54,"column":10},"end":{"line":54,"column":93}}],"line":52}},"s":{"0":1,"1":0,"2":0,"3":0,"4":0,"5":0,"6":0,"7":0,"8":0,"9":0,"10":0,"11":0,"12":0,"13":0,"14":0,"15":0,"16":0,"17":1,"18":1},"f":{"0":0,"1":0,"2":0,"3":0,"4":0,"5":0,"6":0,"7":0,"8":0},"b":{"0":[0,0],"1":[0,0],"2":[0,0],"3":[0,0]},"_coverageSchema":"1a1c01bbd47fc00a2c39e90264f33305004495a9","hash":"6b063c1cd1cd4a32ad9bd712ed47c939aa05495a"}
,"/Users/curtiswang/projects/Hack Reactor/Immersive/FEC/client/src/Components/QnA/QnA.jsx": {"path":"/Users/curtiswang/projects/Hack Reactor/Immersive/FEC/client/src/Components/QnA/QnA.jsx","statementMap":{"0":{"start":{"line":11,"column":12},"end":{"line":32,"column":1}},"1":{"start":{"line":13,"column":36},"end":{"line":13,"column":48}},"2":{"start":{"line":14,"column":38},"end":{"line":14,"column":53}},"3":{"start":{"line":15,"column":18},"end":{"line":15,"column":44}},"4":{"start":{"line":17,"column":2},"end":{"line":23,"column":16}},"5":{"start":{"line":18,"column":4},"end":{"line":22,"column":5}},"6":{"start":{"line":19,"column":6},"end":{"line":21,"column":59}},"7":{"start":{"line":20,"column":25},"end":{"line":20,"column":59}},"8":{"start":{"line":21,"column":22},"end":{"line":21,"column":57}},"9":{"start":{"line":25,"column":2},"end":{"line":31,"column":4}},"10":{"start":{"line":26,"column":37},"end":{"line":26,"column":77}},"11":{"start":{"line":36,"column":17},"end":{"line":37,"column":1}},"12":{"start":{"line":39,"column":26},"end":{"line":41,"column":1}}},"fnMap":{"0":{"name":"(anonymous_0)","decl":{"start":{"line":11,"column":12},"end":{"line":11,"column":13}},"loc":{"start":{"line":11,"column":29},"end":{"line":32,"column":1}},"line":11},"1":{"name":"(anonymous_1)","decl":{"start":{"line":17,"column":12},"end":{"line":17,"column":13}},"loc":{"start":{"line":17,"column":18},"end":{"line":23,"column":3}},"line":17},"2":{"name":"(anonymous_2)","decl":{"start":{"line":20,"column":14},"end":{"line":20,"column":15}},"loc":{"start":{"line":20,"column":25},"end":{"line":20,"column":59}},"line":20},"3":{"name":"(anonymous_3)","decl":{"start":{"line":21,"column":15},"end":{"line":21,"column":16}},"loc":{"start":{"line":21,"column":22},"end":{"line":21,"column":57}},"line":21},"4":{"name":"(anonymous_4)","decl":{"start":{"line":26,"column":32},"end":{"line":26,"column":33}},"loc":{"start":{"line":26,"column":37},"end":{"line":26,"column":77}},"line":26}},"branchMap":{"0":{"loc":{"start":{"line":18,"column":4},"end":{"line":22,"column":5}},"type":"if","locations":[{"start":{"line":18,"column":4},"end":{"line":22,"column":5}},{"start":{},"end":{}}],"line":18},"1":{"loc":{"start":{"line":29,"column":7},"end":{"line":29,"column":205}},"type":"cond-expr","locations":[{"start":{"line":29,"column":20},"end":{"line":29,"column":198}},{"start":{"line":29,"column":201},"end":{"line":29,"column":205}}],"line":29}},"s":{"0":1,"1":1,"2":1,"3":1,"4":1,"5":1,"6":0,"7":0,"8":0,"9":1,"10":0,"11":1,"12":1},"f":{"0":1,"1":1,"2":0,"3":0,"4":0},"b":{"0":[0,1],"1":[0,1]},"_coverageSchema":"1a1c01bbd47fc00a2c39e90264f33305004495a9","hash":"ac872a652cbe0189130d0aaf81cc5c9972cd34a2"}
,"/Users/curtiswang/projects/Hack Reactor/Immersive/FEC/client/src/Components/QnA/QuestionEntry.jsx": {"path":"/Users/curtiswang/projects/Hack Reactor/Immersive/FEC/client/src/Components/QnA/QuestionEntry.jsx","statementMap":{"0":{"start":{"line":7,"column":22},"end":{"line":65,"column":1}},"1":{"start":{"line":11,"column":38},"end":{"line":11,"column":53}},"2":{"start":{"line":12,"column":46},"end":{"line":12,"column":61}},"3":{"start":{"line":13,"column":44},"end":{"line":13,"column":59}},"4":{"start":{"line":14,"column":40},"end":{"line":14,"column":52}},"5":{"start":{"line":16,"column":26},"end":{"line":19,"column":3}},"6":{"start":{"line":17,"column":4},"end":{"line":17,"column":23}},"7":{"start":{"line":18,"column":4},"end":{"line":18,"column":31}},"8":{"start":{"line":21,"column":28},"end":{"line":28,"column":3}},"9":{"start":{"line":22,"column":4},"end":{"line":22,"column":23}},"10":{"start":{"line":23,"column":4},"end":{"line":27,"column":72}},"11":{"start":{"line":25,"column":8},"end":{"line":25,"column":43}},"12":{"start":{"line":27,"column":20},"end":{"line":27,"column":70}},"13":{"start":{"line":30,"column":24},"end":{"line":37,"column":3}},"14":{"start":{"line":31,"column":4},"end":{"line":31,"column":23}},"15":{"start":{"line":32,"column":4},"end":{"line":36,"column":61}},"16":{"start":{"line":34,"column":8},"end":{"line":34,"column":41}},"17":{"start":{"line":36,"column":20},"end":{"line":36,"column":59}},"18":{"start":{"line":40,"column":2},"end":{"line":64,"column":3}},"19":{"start":{"line":41,"column":4},"end":{"line":63,"column":6}},"20":{"start":{"line":48,"column":48},"end":{"line":48,"column":66}},"21":{"start":{"line":52,"column":54},"end":{"line":52,"column":72}},"22":{"start":{"line":55,"column":45},"end":{"line":55,"column":63}},"23":{"start":{"line":69,"column":31},"end":{"line":73,"column":1}},"24":{"start":{"line":75,"column":28},"end":{"line":80,"column":1}},"25":{"start":{"line":82,"column":24},"end":{"line":86,"column":1}},"26":{"start":{"line":88,"column":27},"end":{"line":92,"column":1}},"27":{"start":{"line":94,"column":19},"end":{"line":98,"column":1}},"28":{"start":{"line":100,"column":23},"end":{"line":102,"column":1}},"29":{"start":{"line":104,"column":19},"end":{"line":107,"column":1}},"30":{"start":{"line":109,"column":17},"end":{"line":111,"column":1}},"31":{"start":{"line":113,"column":18},"end":{"line":117,"column":1}}},"fnMap":{"0":{"name":"(anonymous_0)","decl":{"start":{"line":7,"column":22},"end":{"line":7,"column":23}},"loc":{"start":{"line":7,"column":50},"end":{"line":65,"column":1}},"line":7},"1":{"name":"(anonymous_1)","decl":{"start":{"line":16,"column":26},"end":{"line":16,"column":27}},"loc":{"start":{"line":16,"column":33},"end":{"line":19,"column":3}},"line":16},"2":{"name":"(anonymous_2)","decl":{"start":{"line":21,"column":28},"end":{"line":21,"column":29}},"loc":{"start":{"line":21,"column":35},"end":{"line":28,"column":3}},"line":21},"3":{"name":"(anonymous_3)","decl":{"start":{"line":24,"column":12},"end":{"line":24,"column":13}},"loc":{"start":{"line":24,"column":23},"end":{"line":26,"column":7}},"line":24},"4":{"name":"(anonymous_4)","decl":{"start":{"line":27,"column":13},"end":{"line":27,"column":14}},"loc":{"start":{"line":27,"column":20},"end":{"line":27,"column":70}},"line":27},"5":{"name":"(anonymous_5)","decl":{"start":{"line":30,"column":24},"end":{"line":30,"column":25}},"loc":{"start":{"line":30,"column":31},"end":{"line":37,"column":3}},"line":30},"6":{"name":"(anonymous_6)","decl":{"start":{"line":33,"column":12},"end":{"line":33,"column":13}},"loc":{"start":{"line":33,"column":23},"end":{"line":35,"column":7}},"line":33},"7":{"name":"(anonymous_7)","decl":{"start":{"line":36,"column":13},"end":{"line":36,"column":14}},"loc":{"start":{"line":36,"column":20},"end":{"line":36,"column":59}},"line":36},"8":{"name":"(anonymous_8)","decl":{"start":{"line":48,"column":43},"end":{"line":48,"column":44}},"loc":{"start":{"line":48,"column":48},"end":{"line":48,"column":66}},"line":48},"9":{"name":"(anonymous_9)","decl":{"start":{"line":52,"column":49},"end":{"line":52,"column":50}},"loc":{"start":{"line":52,"column":54},"end":{"line":52,"column":72}},"line":52},"10":{"name":"(anonymous_10)","decl":{"start":{"line":55,"column":40},"end":{"line":55,"column":41}},"loc":{"start":{"line":55,"column":45},"end":{"line":55,"column":63}},"line":55}},"branchMap":{"0":{"loc":{"start":{"line":40,"column":2},"end":{"line":64,"column":3}},"type":"if","locations":[{"start":{"line":40,"column":2},"end":{"line":64,"column":3}},{"start":{},"end":{}}],"line":40},"1":{"loc":{"start":{"line":40,"column":6},"end":{"line":40,"column":82}},"type":"binary-expr","locations":[{"start":{"line":40,"column":6},"end":{"line":40,"column":22}},{"start":{"line":40,"column":26},"end":{"line":40,"column":43}},{"start":{"line":40,"column":47},"end":{"line":40,"column":82}}],"line":40},"2":{"loc":{"start":{"line":44,"column":34},"end":{"line":44,"column":62}},"type":"binary-expr","locations":[{"start":{"line":44,"column":34},"end":{"line":44,"column":39}},{"start":{"line":44,"column":43},"end":{"line":44,"column":62}}],"line":44},"3":{"loc":{"start":{"line":47,"column":13},"end":{"line":49,"column":116}},"type":"cond-expr","locations":[{"start":{"line":48,"column":16},"end":{"line":48,"column":126}},{"start":{"line":49,"column":16},"end":{"line":49,"column":116}}],"line":47},"4":{"loc":{"start":{"line":48,"column":74},"end":{"line":48,"column":113}},"type":"binary-expr","locations":[{"start":{"line":48,"column":74},"end":{"line":48,"column":79}},{"start":{"line":48,"column":83},"end":{"line":48,"column":113}}],"line":48},"5":{"loc":{"start":{"line":49,"column":68},"end":{"line":49,"column":103}},"type":"binary-expr","locations":[{"start":{"line":49,"column":68},"end":{"line":49,"column":73}},{"start":{"line":49,"column":77},"end":{"line":49,"column":103}}],"line":49},"6":{"loc":{"start":{"line":51,"column":13},"end":{"line":53,"column":96}},"type":"cond-expr","locations":[{"start":{"line":52,"column":16},"end":{"line":52,"column":99}},{"start":{"line":53,"column":16},"end":{"line":53,"column":96}}],"line":51},"7":{"loc":{"start":{"line":59,"column":11},"end":{"line":59,"column":170}},"type":"binary-expr","locations":[{"start":{"line":59,"column":11},"end":{"line":59,"column":50}},{"start":{"line":59,"column":54},"end":{"line":59,"column":170}}],"line":59},"8":{"loc":{"start":{"line":60,"column":11},"end":{"line":60,"column":224}},"type":"binary-expr","locations":[{"start":{"line":60,"column":11},"end":{"line":60,"column":21}},{"start":{"line":60,"column":25},"end":{"line":60,"column":224}}],"line":60}},"s":{"0":1,"1":0,"2":0,"3":0,"4":0,"5":0,"6":0,"7":0,"8":0,"9":0,"10":0,"11":0,"12":0,"13":0,"14":0,"15":0,"16":0,"17":0,"18":0,"19":0,"20":0,"21":0,"22":0,"23":1,"24":1,"25":1,"26":1,"27":1,"28":1,"29":1,"30":1,"31":1},"f":{"0":0,"1":0,"2":0,"3":0,"4":0,"5":0,"6":0,"7":0,"8":0,"9":0,"10":0},"b":{"0":[0,0],"1":[0,0,0],"2":[0,0],"3":[0,0],"4":[0,0],"5":[0,0],"6":[0,0],"7":[0,0],"8":[0,0]},"_coverageSchema":"1a1c01bbd47fc00a2c39e90264f33305004495a9","hash":"b4685210534151850e2821193014d6fb610c8958"}
,"/Users/curtiswang/projects/Hack Reactor/Immersive/FEC/client/src/Components/QnA/QuestionModal.jsx": {"path":"/Users/curtiswang/projects/Hack Reactor/Immersive/FEC/client/src/Components/QnA/QuestionModal.jsx","statementMap":{"0":{"start":{"line":5,"column":22},"end":{"line":101,"column":1}},"1":{"start":{"line":7,"column":22},"end":{"line":7,"column":34}},"2":{"start":{"line":8,"column":22},"end":{"line":8,"column":34}},"3":{"start":{"line":9,"column":19},"end":{"line":9,"column":31}},"4":{"start":{"line":11,"column":2},"end":{"line":14,"column":9}},"5":{"start":{"line":12,"column":4},"end":{"line":12,"column":44}},"6":{"start":{"line":13,"column":4},"end":{"line":13,"column":56}},"7":{"start":{"line":13,"column":17},"end":{"line":13,"column":55}},"8":{"start":{"line":16,"column":23},"end":{"line":31,"column":3}},"9":{"start":{"line":17,"column":21},"end":{"line":17,"column":91}},"10":{"start":{"line":18,"column":4},"end":{"line":21,"column":5}},"11":{"start":{"line":19,"column":6},"end":{"line":19,"column":49}},"12":{"start":{"line":20,"column":6},"end":{"line":20,"column":19}},"13":{"start":{"line":22,"column":4},"end":{"line":25,"column":5}},"14":{"start":{"line":23,"column":6},"end":{"line":23,"column":49}},"15":{"start":{"line":24,"column":6},"end":{"line":24,"column":19}},"16":{"start":{"line":26,"column":4},"end":{"line":29,"column":5}},"17":{"start":{"line":27,"column":6},"end":{"line":27,"column":74}},"18":{"start":{"line":28,"column":6},"end":{"line":28,"column":19}},"19":{"start":{"line":30,"column":4},"end":{"line":30,"column":16}},"20":{"start":{"line":33,"column":24},"end":{"line":51,"column":3}},"21":{"start":{"line":34,"column":4},"end":{"line":34,"column":23}},"22":{"start":{"line":35,"column":15},"end":{"line":35,"column":17}},"23":{"start":{"line":36,"column":4},"end":{"line":36,"column":42}},"24":{"start":{"line":37,"column":4},"end":{"line":37,"column":42}},"25":{"start":{"line":38,"column":4},"end":{"line":38,"column":40}},"26":{"start":{"line":39,"column":4},"end":{"line":39,"column":32}},"27":{"start":{"line":40,"column":4},"end":{"line":50,"column":5}},"28":{"start":{"line":41,"column":6},"end":{"line":49,"column":69}},"29":{"start":{"line":43,"column":10},"end":{"line":43,"column":37}},"30":{"start":{"line":45,"column":10},"end":{"line":47,"column":85}},"31":{"start":{"line":46,"column":29},"end":{"line":46,"column":63}},"32":{"start":{"line":47,"column":26},"end":{"line":47,"column":83}},"33":{"start":{"line":49,"column":22},"end":{"line":49,"column":67}},"34":{"start":{"line":53,"column":2},"end":{"line":100,"column":4}},"35":{"start":{"line":55,"column":31},"end":{"line":55,"column":57}},"36":{"start":{"line":105,"column":26},"end":{"line":120,"column":1}},"37":{"start":{"line":122,"column":17},"end":{"line":125,"column":1}},"38":{"start":{"line":127,"column":17},"end":{"line":130,"column":1}},"39":{"start":{"line":132,"column":21},"end":{"line":139,"column":1}},"40":{"start":{"line":141,"column":17},"end":{"line":147,"column":1}},"41":{"start":{"line":149,"column":21},"end":{"line":152,"column":1}},"42":{"start":{"line":154,"column":14},"end":{"line":156,"column":1}},"43":{"start":{"line":158,"column":18},"end":{"line":161,"column":1}},"44":{"start":{"line":163,"column":14},"end":{"line":166,"column":1}},"45":{"start":{"line":168,"column":21},"end":{"line":170,"column":1}},"46":{"start":{"line":172,"column":18},"end":{"line":175,"column":1}}},"fnMap":{"0":{"name":"(anonymous_0)","decl":{"start":{"line":5,"column":22},"end":{"line":5,"column":23}},"loc":{"start":{"line":5,"column":99},"end":{"line":101,"column":1}},"line":5},"1":{"name":"(anonymous_1)","decl":{"start":{"line":11,"column":12},"end":{"line":11,"column":13}},"loc":{"start":{"line":11,"column":18},"end":{"line":14,"column":3}},"line":11},"2":{"name":"(anonymous_2)","decl":{"start":{"line":13,"column":11},"end":{"line":13,"column":12}},"loc":{"start":{"line":13,"column":17},"end":{"line":13,"column":55}},"line":13},"3":{"name":"(anonymous_3)","decl":{"start":{"line":16,"column":23},"end":{"line":16,"column":24}},"loc":{"start":{"line":16,"column":29},"end":{"line":31,"column":3}},"line":16},"4":{"name":"(anonymous_4)","decl":{"start":{"line":33,"column":24},"end":{"line":33,"column":25}},"loc":{"start":{"line":33,"column":31},"end":{"line":51,"column":3}},"line":33},"5":{"name":"(anonymous_5)","decl":{"start":{"line":42,"column":14},"end":{"line":42,"column":15}},"loc":{"start":{"line":42,"column":25},"end":{"line":48,"column":9}},"line":42},"6":{"name":"(anonymous_6)","decl":{"start":{"line":46,"column":18},"end":{"line":46,"column":19}},"loc":{"start":{"line":46,"column":29},"end":{"line":46,"column":63}},"line":46},"7":{"name":"(anonymous_7)","decl":{"start":{"line":47,"column":19},"end":{"line":47,"column":20}},"loc":{"start":{"line":47,"column":26},"end":{"line":47,"column":83}},"line":47},"8":{"name":"(anonymous_8)","decl":{"start":{"line":49,"column":15},"end":{"line":49,"column":16}},"loc":{"start":{"line":49,"column":22},"end":{"line":49,"column":67}},"line":49},"9":{"name":"(anonymous_9)","decl":{"start":{"line":55,"column":25},"end":{"line":55,"column":26}},"loc":{"start":{"line":55,"column":31},"end":{"line":55,"column":57}},"line":55}},"branchMap":{"0":{"loc":{"start":{"line":18,"column":4},"end":{"line":21,"column":5}},"type":"if","locations":[{"start":{"line":18,"column":4},"end":{"line":21,"column":5}},{"start":{},"end":{}}],"line":18},"1":{"loc":{"start":{"line":22,"column":4},"end":{"line":25,"column":5}},"type":"if","locations":[{"start":{"line":22,"column":4},"end":{"line":25,"column":5}},{"start":{},"end":{}}],"line":22},"2":{"loc":{"start":{"line":26,"column":4},"end":{"line":29,"column":5}},"type":"if","locations":[{"start":{"line":26,"column":4},"end":{"line":29,"column":5}},{"start":{},"end":{}}],"line":26},"3":{"loc":{"start":{"line":40,"column":4},"end":{"line":50,"column":5}},"type":"if","locations":[{"start":{"line":40,"column":4},"end":{"line":50,"column":5}},{"start":{},"end":{}}],"line":40}},"s":{"0":1,"1":0,"2":0,"3":0,"4":0,"5":0,"6":0,"7":0,"8":0,"9":0,"10":0,"11":0,"12":0,"13":0,"14":0,"15":0,"16":0,"17":0,"18":0,"19":0,"20":0,"21":0,"22":0,"23":0,"24":0,"25":0,"26":0,"27":0,"28":0,"29":0,"30":0,"31":0,"32":0,"33":0,"34":0,"35":0,"36":1,"37":1,"38":1,"39":1,"40":1,"41":1,"42":1,"43":1,"44":1,"45":1,"46":1},"f":{"0":0,"1":0,"2":0,"3":0,"4":0,"5":0,"6":0,"7":0,"8":0,"9":0},"b":{"0":[0,0],"1":[0,0],"2":[0,0],"3":[0,0]},"_coverageSchema":"1a1c01bbd47fc00a2c39e90264f33305004495a9","hash":"2892a46e4d1503df3b168165ce0b473badfbc7ba"}
,"/Users/curtiswang/projects/Hack Reactor/Immersive/FEC/client/src/Components/QnA/QuestionsList.jsx": {"path":"/Users/curtiswang/projects/Hack Reactor/Immersive/FEC/client/src/Components/QnA/QuestionsList.jsx","statementMap":{"0":{"start":{"line":6,"column":22},"end":{"line":42,"column":1}},"1":{"start":{"line":8,"column":38},"end":{"line":8,"column":49}},"2":{"start":{"line":9,"column":36},"end":{"line":9,"column":47}},"3":{"start":{"line":10,"column":28},"end":{"line":10,"column":40}},"4":{"start":{"line":12,"column":2},"end":{"line":15,"column":22}},"5":{"start":{"line":13,"column":4},"end":{"line":13,"column":20}},"6":{"start":{"line":14,"column":4},"end":{"line":14,"column":40}},"7":{"start":{"line":17,"column":23},"end":{"line":20,"column":3}},"8":{"start":{"line":18,"column":4},"end":{"line":18,"column":23}},"9":{"start":{"line":19,"column":4},"end":{"line":19,"column":32}},"10":{"start":{"line":22,"column":2},"end":{"line":41,"column":4}},"11":{"start":{"line":28,"column":12},"end":{"line":30,"column":13}},"12":{"start":{"line":29,"column":14},"end":{"line":29,"column":94}},"13":{"start":{"line":33,"column":12},"end":{"line":33,"column":92}},"14":{"start":{"line":38,"column":35},"end":{"line":38,"column":61}},"15":{"start":{"line":46,"column":30},"end":{"line":49,"column":1}},"16":{"start":{"line":51,"column":25},"end":{"line":57,"column":1}},"17":{"start":{"line":59,"column":27},"end":{"line":64,"column":1}},"18":{"start":{"line":66,"column":19},"end":{"line":73,"column":1}},"19":{"start":{"line":75,"column":27},"end":{"line":82,"column":1}}},"fnMap":{"0":{"name":"(anonymous_0)","decl":{"start":{"line":6,"column":22},"end":{"line":6,"column":23}},"loc":{"start":{"line":6,"column":78},"end":{"line":42,"column":1}},"line":6},"1":{"name":"(anonymous_1)","decl":{"start":{"line":12,"column":12},"end":{"line":12,"column":13}},"loc":{"start":{"line":12,"column":18},"end":{"line":15,"column":3}},"line":12},"2":{"name":"(anonymous_2)","decl":{"start":{"line":17,"column":23},"end":{"line":17,"column":24}},"loc":{"start":{"line":17,"column":30},"end":{"line":20,"column":3}},"line":17},"3":{"name":"(anonymous_3)","decl":{"start":{"line":27,"column":30},"end":{"line":27,"column":31}},"loc":{"start":{"line":27,"column":51},"end":{"line":31,"column":11}},"line":27},"4":{"name":"(anonymous_4)","decl":{"start":{"line":32,"column":30},"end":{"line":32,"column":31}},"loc":{"start":{"line":32,"column":51},"end":{"line":34,"column":11}},"line":32},"5":{"name":"(anonymous_5)","decl":{"start":{"line":38,"column":29},"end":{"line":38,"column":30}},"loc":{"start":{"line":38,"column":35},"end":{"line":38,"column":61}},"line":38}},"branchMap":{"0":{"loc":{"start":{"line":26,"column":9},"end":{"line":34,"column":12}},"type":"cond-expr","locations":[{"start":{"line":27,"column":12},"end":{"line":31,"column":12}},{"start":{"line":32,"column":12},"end":{"line":34,"column":12}}],"line":26},"1":{"loc":{"start":{"line":28,"column":12},"end":{"line":30,"column":13}},"type":"if","locations":[{"start":{"line":28,"column":12},"end":{"line":30,"column":13}},{"start":{},"end":{}}],"line":28},"2":{"loc":{"start":{"line":37,"column":9},"end":{"line":37,"column":151}},"type":"binary-expr","locations":[{"start":{"line":37,"column":9},"end":{"line":37,"column":31}},{"start":{"line":37,"column":35},"end":{"line":37,"column":151}}],"line":37}},"s":{"0":1,"1":1,"2":1,"3":1,"4":1,"5":1,"6":1,"7":1,"8":0,"9":0,"10":1,"11":0,"12":0,"13":0,"14":0,"15":1,"16":1,"17":1,"18":1,"19":1},"f":{"0":1,"1":1,"2":0,"3":0,"4":0,"5":0},"b":{"0":[0,1],"1":[0,0],"2":[1,0]},"_coverageSchema":"1a1c01bbd47fc00a2c39e90264f33305004495a9","hash":"bc24d575c454c50b4676bc41285cf144efe69d01"}
,"/Users/curtiswang/projects/Hack Reactor/Immersive/FEC/client/src/Components/QnA/SearchQnA.jsx": {"path":"/Users/curtiswang/projects/Hack Reactor/Immersive/FEC/client/src/Components/QnA/SearchQnA.jsx","statementMap":{"0":{"start":{"line":4,"column":18},"end":{"line":18,"column":1}},"1":{"start":{"line":6,"column":2},"end":{"line":17,"column":4}},"2":{"start":{"line":12,"column":10},"end":{"line":12,"column":35}},"3":{"start":{"line":22,"column":24},"end":{"line":27,"column":1}},"4":{"start":{"line":29,"column":14},"end":{"line":35,"column":1}},"5":{"start":{"line":37,"column":19},"end":{"line":42,"column":1}}},"fnMap":{"0":{"name":"(anonymous_0)","decl":{"start":{"line":4,"column":18},"end":{"line":4,"column":19}},"loc":{"start":{"line":4,"column":43},"end":{"line":18,"column":1}},"line":4},"1":{"name":"(anonymous_1)","decl":{"start":{"line":11,"column":18},"end":{"line":11,"column":19}},"loc":{"start":{"line":11,"column":23},"end":{"line":13,"column":9}},"line":11}},"branchMap":{},"s":{"0":1,"1":1,"2":0,"3":1,"4":1,"5":1},"f":{"0":1,"1":0},"b":{},"_coverageSchema":"1a1c01bbd47fc00a2c39e90264f33305004495a9","hash":"753a675c2fbe5dfcb5806ebd7dd1880da8f0a6ad"}
,"/Users/curtiswang/projects/Hack Reactor/Immersive/FEC/client/src/Components/R&R/Breakdown.jsx": {"path":"/Users/curtiswang/projects/Hack Reactor/Immersive/FEC/client/src/Components/R&R/Breakdown.jsx","statementMap":{"0":{"start":{"line":7,"column":18},"end":{"line":63,"column":1}},"1":{"start":{"line":8,"column":36},"end":{"line":8,"column":50}},"2":{"start":{"line":10,"column":2},"end":{"line":12,"column":20}},"3":{"start":{"line":11,"column":4},"end":{"line":11,"column":50}},"4":{"start":{"line":14,"column":29},"end":{"line":23,"column":3}},"5":{"start":{"line":15,"column":4},"end":{"line":22,"column":5}},"6":{"start":{"line":16,"column":18},"end":{"line":16,"column":59}},"7":{"start":{"line":17,"column":19},"end":{"line":17,"column":61}},"8":{"start":{"line":18,"column":6},"end":{"line":20,"column":7}},"9":{"start":{"line":19,"column":8},"end":{"line":19,"column":17}},"10":{"start":{"line":21,"column":6},"end":{"line":21,"column":55}},"11":{"start":{"line":24,"column":24},"end":{"line":32,"column":3}},"12":{"start":{"line":25,"column":18},"end":{"line":25,"column":20}},"13":{"start":{"line":26,"column":4},"end":{"line":30,"column":5}},"14":{"start":{"line":27,"column":6},"end":{"line":29,"column":7}},"15":{"start":{"line":27,"column":18},"end":{"line":27,"column":19}},"16":{"start":{"line":28,"column":8},"end":{"line":28,"column":147}},"17":{"start":{"line":31,"column":4},"end":{"line":31,"column":19}},"18":{"start":{"line":34,"column":2},"end":{"line":62,"column":4}},"19":{"start":{"line":47,"column":10},"end":{"line":49,"column":11}},"20":{"start":{"line":48,"column":12},"end":{"line":48,"column":31}},"21":{"start":{"line":50,"column":10},"end":{"line":50,"column":24}},"22":{"start":{"line":52,"column":34},"end":{"line":52,"column":49}},"23":{"start":{"line":65,"column":27},"end":{"line":66,"column":1}},"24":{"start":{"line":67,"column":17},"end":{"line":70,"column":1}},"25":{"start":{"line":71,"column":20},"end":{"line":77,"column":1}}},"fnMap":{"0":{"name":"(anonymous_0)","decl":{"start":{"line":7,"column":18},"end":{"line":7,"column":19}},"loc":{"start":{"line":7,"column":75},"end":{"line":63,"column":1}},"line":7},"1":{"name":"(anonymous_1)","decl":{"start":{"line":10,"column":12},"end":{"line":10,"column":13}},"loc":{"start":{"line":10,"column":18},"end":{"line":12,"column":3}},"line":10},"2":{"name":"(anonymous_2)","decl":{"start":{"line":14,"column":29},"end":{"line":14,"column":30}},"loc":{"start":{"line":14,"column":35},"end":{"line":23,"column":3}},"line":14},"3":{"name":"(anonymous_3)","decl":{"start":{"line":24,"column":24},"end":{"line":24,"column":25}},"loc":{"start":{"line":24,"column":30},"end":{"line":32,"column":3}},"line":24},"4":{"name":"(anonymous_4)","decl":{"start":{"line":46,"column":63},"end":{"line":46,"column":64}},"loc":{"start":{"line":46,"column":76},"end":{"line":51,"column":9}},"line":46},"5":{"name":"(anonymous_5)","decl":{"start":{"line":52,"column":30},"end":{"line":52,"column":31}},"loc":{"start":{"line":52,"column":34},"end":{"line":52,"column":49}},"line":52}},"branchMap":{"0":{"loc":{"start":{"line":15,"column":4},"end":{"line":22,"column":5}},"type":"if","locations":[{"start":{"line":15,"column":4},"end":{"line":22,"column":5}},{"start":{},"end":{}}],"line":15},"1":{"loc":{"start":{"line":16,"column":18},"end":{"line":16,"column":59}},"type":"binary-expr","locations":[{"start":{"line":16,"column":18},"end":{"line":16,"column":54}},{"start":{"line":16,"column":58},"end":{"line":16,"column":59}}],"line":16},"2":{"loc":{"start":{"line":17,"column":19},"end":{"line":17,"column":61}},"type":"binary-expr","locations":[{"start":{"line":17,"column":19},"end":{"line":17,"column":56}},{"start":{"line":17,"column":60},"end":{"line":17,"column":61}}],"line":17},"3":{"loc":{"start":{"line":18,"column":6},"end":{"line":20,"column":7}},"type":"if","locations":[{"start":{"line":18,"column":6},"end":{"line":20,"column":7}},{"start":{},"end":{}}],"line":18},"4":{"loc":{"start":{"line":18,"column":9},"end":{"line":18,"column":36}},"type":"binary-expr","locations":[{"start":{"line":18,"column":9},"end":{"line":18,"column":20}},{"start":{"line":18,"column":24},"end":{"line":18,"column":36}}],"line":18},"5":{"loc":{"start":{"line":26,"column":4},"end":{"line":30,"column":5}},"type":"if","locations":[{"start":{"line":26,"column":4},"end":{"line":30,"column":5}},{"start":{},"end":{}}],"line":26},"6":{"loc":{"start":{"line":37,"column":9},"end":{"line":42,"column":45}},"type":"cond-expr","locations":[{"start":{"line":38,"column":10},"end":{"line":41,"column":14}},{"start":{"line":42,"column":10},"end":{"line":42,"column":45}}],"line":37},"7":{"loc":{"start":{"line":45,"column":9},"end":{"line":54,"column":14}},"type":"cond-expr","locations":[{"start":{"line":46,"column":10},"end":{"line":53,"column":14}},{"start":{"line":54,"column":10},"end":{"line":54,"column":14}}],"line":45},"8":{"loc":{"start":{"line":47,"column":10},"end":{"line":49,"column":11}},"type":"if","locations":[{"start":{"line":47,"column":10},"end":{"line":49,"column":11}},{"start":{},"end":{}}],"line":47},"9":{"loc":{"start":{"line":58,"column":9},"end":{"line":58,"column":88}},"type":"cond-expr","locations":[{"start":{"line":58,"column":21},"end":{"line":58,"column":81}},{"start":{"line":58,"column":84},"end":{"line":58,"column":88}}],"line":58}},"s":{"0":1,"1":4,"2":4,"3":0,"4":4,"5":0,"6":0,"7":0,"8":0,"9":0,"10":0,"11":4,"12":4,"13":4,"14":0,"15":0,"16":0,"17":0,"18":4,"19":0,"20":0,"21":0,"22":0,"23":1,"24":1,"25":1},"f":{"0":4,"1":0,"2":0,"3":4,"4":0,"5":0},"b":{"0":[0,0],"1":[0,0],"2":[0,0],"3":[0,0],"4":[0,0],"5":[0,0],"6":[0,4],"7":[0,4],"8":[0,0],"9":[0,0]},"_coverageSchema":"1a1c01bbd47fc00a2c39e90264f33305004495a9","hash":"b32cd47380577e604f999cbc6971fd6928cdb0ab"}
,"/Users/curtiswang/projects/Hack Reactor/Immersive/FEC/client/src/Components/R&R/CharacterTile.jsx": {"path":"/Users/curtiswang/projects/Hack Reactor/Immersive/FEC/client/src/Components/R&R/CharacterTile.jsx","statementMap":{"0":{"start":{"line":4,"column":22},"end":{"line":51,"column":1}},"1":{"start":{"line":5,"column":19},"end":{"line":10,"column":3}},"2":{"start":{"line":6,"column":4},"end":{"line":8,"column":5}},"3":{"start":{"line":7,"column":6},"end":{"line":7,"column":14}},"4":{"start":{"line":9,"column":4},"end":{"line":9,"column":40}},"5":{"start":{"line":11,"column":19},"end":{"line":16,"column":3}},"6":{"start":{"line":12,"column":4},"end":{"line":14,"column":5}},"7":{"start":{"line":13,"column":6},"end":{"line":13,"column":22}},"8":{"start":{"line":15,"column":4},"end":{"line":15,"column":21}},"9":{"start":{"line":17,"column":26},"end":{"line":41,"column":3}},"10":{"start":{"line":18,"column":16},"end":{"line":18,"column":18}},"11":{"start":{"line":19,"column":4},"end":{"line":31,"column":5}},"12":{"start":{"line":20,"column":6},"end":{"line":20,"column":50}},"13":{"start":{"line":21,"column":11},"end":{"line":31,"column":5}},"14":{"start":{"line":22,"column":6},"end":{"line":22,"column":52}},"15":{"start":{"line":23,"column":11},"end":{"line":31,"column":5}},"16":{"start":{"line":24,"column":6},"end":{"line":24,"column":49}},"17":{"start":{"line":25,"column":11},"end":{"line":31,"column":5}},"18":{"start":{"line":26,"column":6},"end":{"line":26,"column":38}},"19":{"start":{"line":27,"column":11},"end":{"line":31,"column":5}},"20":{"start":{"line":28,"column":6},"end":{"line":28,"column":43}},"21":{"start":{"line":29,"column":11},"end":{"line":31,"column":5}},"22":{"start":{"line":30,"column":6},"end":{"line":30,"column":44}},"23":{"start":{"line":32,"column":4},"end":{"line":40,"column":7}},"24":{"start":{"line":33,"column":21},"end":{"line":33,"column":28}},"25":{"start":{"line":34,"column":6},"end":{"line":38,"column":7}},"26":{"start":{"line":35,"column":8},"end":{"line":35,"column":28}},"27":{"start":{"line":36,"column":13},"end":{"line":38,"column":7}},"28":{"start":{"line":37,"column":8},"end":{"line":37,"column":25}},"29":{"start":{"line":39,"column":6},"end":{"line":39,"column":74}},"30":{"start":{"line":42,"column":2},"end":{"line":50,"column":4}},"31":{"start":{"line":53,"column":17},"end":{"line":68,"column":1}},"32":{"start":{"line":65,"column":19},"end":{"line":65,"column":29}},"33":{"start":{"line":66,"column":25},"end":{"line":66,"column":41}},"34":{"start":{"line":69,"column":16},"end":{"line":74,"column":1}},"35":{"start":{"line":75,"column":21},"end":{"line":78,"column":1}},"36":{"start":{"line":79,"column":20},"end":{"line":81,"column":1}},"37":{"start":{"line":80,"column":25},"end":{"line":80,"column":39}}},"fnMap":{"0":{"name":"(anonymous_0)","decl":{"start":{"line":4,"column":22},"end":{"line":4,"column":23}},"loc":{"start":{"line":4,"column":47},"end":{"line":51,"column":1}},"line":4},"1":{"name":"(anonymous_1)","decl":{"start":{"line":5,"column":19},"end":{"line":5,"column":20}},"loc":{"start":{"line":5,"column":25},"end":{"line":10,"column":3}},"line":5},"2":{"name":"(anonymous_2)","decl":{"start":{"line":11,"column":19},"end":{"line":11,"column":20}},"loc":{"start":{"line":11,"column":25},"end":{"line":16,"column":3}},"line":11},"3":{"name":"(anonymous_3)","decl":{"start":{"line":17,"column":26},"end":{"line":17,"column":27}},"loc":{"start":{"line":17,"column":32},"end":{"line":41,"column":3}},"line":17},"4":{"name":"(anonymous_4)","decl":{"start":{"line":32,"column":21},"end":{"line":32,"column":22}},"loc":{"start":{"line":32,"column":34},"end":{"line":40,"column":5}},"line":32},"5":{"name":"(anonymous_5)","decl":{"start":{"line":65,"column":12},"end":{"line":65,"column":13}},"loc":{"start":{"line":65,"column":19},"end":{"line":65,"column":29}},"line":65},"6":{"name":"(anonymous_6)","decl":{"start":{"line":66,"column":18},"end":{"line":66,"column":19}},"loc":{"start":{"line":66,"column":25},"end":{"line":66,"column":41}},"line":66},"7":{"name":"(anonymous_7)","decl":{"start":{"line":80,"column":18},"end":{"line":80,"column":19}},"loc":{"start":{"line":80,"column":25},"end":{"line":80,"column":39}},"line":80}},"branchMap":{"0":{"loc":{"start":{"line":6,"column":4},"end":{"line":8,"column":5}},"type":"if","locations":[{"start":{"line":6,"column":4},"end":{"line":8,"column":5}},{"start":{},"end":{}}],"line":6},"1":{"loc":{"start":{"line":12,"column":4},"end":{"line":14,"column":5}},"type":"if","locations":[{"start":{"line":12,"column":4},"end":{"line":14,"column":5}},{"start":{},"end":{}}],"line":12},"2":{"loc":{"start":{"line":19,"column":4},"end":{"line":31,"column":5}},"type":"if","locations":[{"start":{"line":19,"column":4},"end":{"line":31,"column":5}},{"start":{"line":21,"column":11},"end":{"line":31,"column":5}}],"line":19},"3":{"loc":{"start":{"line":21,"column":11},"end":{"line":31,"column":5}},"type":"if","locations":[{"start":{"line":21,"column":11},"end":{"line":31,"column":5}},{"start":{"line":23,"column":11},"end":{"line":31,"column":5}}],"line":21},"4":{"loc":{"start":{"line":23,"column":11},"end":{"line":31,"column":5}},"type":"if","locations":[{"start":{"line":23,"column":11},"end":{"line":31,"column":5}},{"start":{"line":25,"column":11},"end":{"line":31,"column":5}}],"line":23},"5":{"loc":{"start":{"line":25,"column":11},"end":{"line":31,"column":5}},"type":"if","locations":[{"start":{"line":25,"column":11},"end":{"line":31,"column":5}},{"start":{"line":27,"column":11},"end":{"line":31,"column":5}}],"line":25},"6":{"loc":{"start":{"line":27,"column":11},"end":{"line":31,"column":5}},"type":"if","locations":[{"start":{"line":27,"column":11},"end":{"line":31,"column":5}},{"start":{"line":29,"column":11},"end":{"line":31,"column":5}}],"line":27},"7":{"loc":{"start":{"line":29,"column":11},"end":{"line":31,"column":5}},"type":"if","locations":[{"start":{"line":29,"column":11},"end":{"line":31,"column":5}},{"start":{},"end":{}}],"line":29},"8":{"loc":{"start":{"line":34,"column":6},"end":{"line":38,"column":7}},"type":"if","locations":[{"start":{"line":34,"column":6},"end":{"line":38,"column":7}},{"start":{"line":36,"column":13},"end":{"line":38,"column":7}}],"line":34},"9":{"loc":{"start":{"line":36,"column":13},"end":{"line":38,"column":7}},"type":"if","locations":[{"start":{"line":36,"column":13},"end":{"line":38,"column":7}},{"start":{},"end":{}}],"line":36}},"s":{"0":1,"1":0,"2":0,"3":0,"4":0,"5":0,"6":0,"7":0,"8":0,"9":0,"10":0,"11":0,"12":0,"13":0,"14":0,"15":0,"16":0,"17":0,"18":0,"19":0,"20":0,"21":0,"22":0,"23":0,"24":0,"25":0,"26":0,"27":0,"28":0,"29":0,"30":0,"31":1,"32":0,"33":0,"34":1,"35":1,"36":1,"37":0},"f":{"0":0,"1":0,"2":0,"3":0,"4":0,"5":0,"6":0,"7":0},"b":{"0":[0,0],"1":[0,0],"2":[0,0],"3":[0,0],"4":[0,0],"5":[0,0],"6":[0,0],"7":[0,0],"8":[0,0],"9":[0,0]},"_coverageSchema":"1a1c01bbd47fc00a2c39e90264f33305004495a9","hash":"363286d524d36561fcf2563a0cfc90c13a6b62a1"}
,"/Users/curtiswang/projects/Hack Reactor/Immersive/FEC/client/src/Components/R&R/CharacteristicInput.jsx": {"path":"/Users/curtiswang/projects/Hack Reactor/Immersive/FEC/client/src/Components/R&R/CharacteristicInput.jsx","statementMap":{"0":{"start":{"line":4,"column":28},"end":{"line":61,"column":1}},"1":{"start":{"line":5,"column":42},"end":{"line":5,"column":54}},"2":{"start":{"line":6,"column":30},"end":{"line":6,"column":55}},"3":{"start":{"line":8,"column":2},"end":{"line":24,"column":8}},"4":{"start":{"line":10,"column":4},"end":{"line":22,"column":5}},"5":{"start":{"line":11,"column":6},"end":{"line":11,"column":107}},"6":{"start":{"line":12,"column":11},"end":{"line":22,"column":5}},"7":{"start":{"line":13,"column":6},"end":{"line":13,"column":88}},"8":{"start":{"line":14,"column":11},"end":{"line":22,"column":5}},"9":{"start":{"line":15,"column":6},"end":{"line":15,"column":90}},"10":{"start":{"line":16,"column":11},"end":{"line":22,"column":5}},"11":{"start":{"line":17,"column":6},"end":{"line":17,"column":86}},"12":{"start":{"line":18,"column":11},"end":{"line":22,"column":5}},"13":{"start":{"line":19,"column":6},"end":{"line":19,"column":98}},"14":{"start":{"line":20,"column":11},"end":{"line":22,"column":5}},"15":{"start":{"line":21,"column":6},"end":{"line":21,"column":100}},"16":{"start":{"line":23,"column":4},"end":{"line":23,"column":27}},"17":{"start":{"line":26,"column":22},"end":{"line":29,"column":3}},"18":{"start":{"line":27,"column":4},"end":{"line":27,"column":35}},"19":{"start":{"line":28,"column":4},"end":{"line":28,"column":48}},"20":{"start":{"line":31,"column":2},"end":{"line":60,"column":4}},"21":{"start":{"line":63,"column":23},"end":{"line":68,"column":1}},"22":{"start":{"line":69,"column":22},"end":{"line":74,"column":1}},"23":{"start":{"line":75,"column":17},"end":{"line":77,"column":1}},"24":{"start":{"line":78,"column":15},"end":{"line":81,"column":1}},"25":{"start":{"line":82,"column":24},"end":{"line":85,"column":1}},"26":{"start":{"line":86,"column":25},"end":{"line":89,"column":1}}},"fnMap":{"0":{"name":"(anonymous_0)","decl":{"start":{"line":4,"column":28},"end":{"line":4,"column":29}},"loc":{"start":{"line":4,"column":60},"end":{"line":61,"column":1}},"line":4},"1":{"name":"(anonymous_1)","decl":{"start":{"line":8,"column":12},"end":{"line":8,"column":13}},"loc":{"start":{"line":8,"column":18},"end":{"line":24,"column":3}},"line":8},"2":{"name":"(anonymous_2)","decl":{"start":{"line":26,"column":22},"end":{"line":26,"column":23}},"loc":{"start":{"line":26,"column":29},"end":{"line":29,"column":3}},"line":26}},"branchMap":{"0":{"loc":{"start":{"line":10,"column":4},"end":{"line":22,"column":5}},"type":"if","locations":[{"start":{"line":10,"column":4},"end":{"line":22,"column":5}},{"start":{"line":12,"column":11},"end":{"line":22,"column":5}}],"line":10},"1":{"loc":{"start":{"line":12,"column":11},"end":{"line":22,"column":5}},"type":"if","locations":[{"start":{"line":12,"column":11},"end":{"line":22,"column":5}},{"start":{"line":14,"column":11},"end":{"line":22,"column":5}}],"line":12},"2":{"loc":{"start":{"line":14,"column":11},"end":{"line":22,"column":5}},"type":"if","locations":[{"start":{"line":14,"column":11},"end":{"line":22,"column":5}},{"start":{"line":16,"column":11},"end":{"line":22,"column":5}}],"line":14},"3":{"loc":{"start":{"line":16,"column":11},"end":{"line":22,"column":5}},"type":"if","locations":[{"start":{"line":16,"column":11},"end":{"line":22,"column":5}},{"start":{"line":18,"column":11},"end":{"line":22,"column":5}}],"line":16},"4":{"loc":{"start":{"line":18,"column":11},"end":{"line":22,"column":5}},"type":"if","locations":[{"start":{"line":18,"column":11},"end":{"line":22,"column":5}},{"start":{"line":20,"column":11},"end":{"line":22,"column":5}}],"line":18},"5":{"loc":{"start":{"line":20,"column":11},"end":{"line":22,"column":5}},"type":"if","locations":[{"start":{"line":20,"column":11},"end":{"line":22,"column":5}},{"start":{},"end":{}}],"line":20}},"s":{"0":1,"1":0,"2":0,"3":0,"4":0,"5":0,"6":0,"7":0,"8":0,"9":0,"10":0,"11":0,"12":0,"13":0,"14":0,"15":0,"16":0,"17":0,"18":0,"19":0,"20":0,"21":1,"22":1,"23":1,"24":1,"25":1,"26":1},"f":{"0":0,"1":0,"2":0},"b":{"0":[0,0],"1":[0,0],"2":[0,0],"3":[0,0],"4":[0,0],"5":[0,0]},"_coverageSchema":"1a1c01bbd47fc00a2c39e90264f33305004495a9","hash":"f27eb206eef0268dd0373bcf1ee22e8fbde1c10e"}
,"/Users/curtiswang/projects/Hack Reactor/Immersive/FEC/client/src/Components/R&R/Characteristics.jsx": {"path":"/Users/curtiswang/projects/Hack Reactor/Immersive/FEC/client/src/Components/R&R/Characteristics.jsx","statementMap":{"0":{"start":{"line":4,"column":24},"end":{"line":20,"column":1}},"1":{"start":{"line":6,"column":22},"end":{"line":13,"column":3}},"2":{"start":{"line":7,"column":25},"end":{"line":7,"column":27}},"3":{"start":{"line":9,"column":4},"end":{"line":11,"column":5}},"4":{"start":{"line":10,"column":6},"end":{"line":10,"column":120}},"5":{"start":{"line":12,"column":4},"end":{"line":12,"column":26}},"6":{"start":{"line":15,"column":2},"end":{"line":19,"column":4}}},"fnMap":{"0":{"name":"(anonymous_0)","decl":{"start":{"line":4,"column":24},"end":{"line":4,"column":25}},"loc":{"start":{"line":4,"column":39},"end":{"line":20,"column":1}},"line":4},"1":{"name":"(anonymous_1)","decl":{"start":{"line":6,"column":22},"end":{"line":6,"column":23}},"loc":{"start":{"line":6,"column":28},"end":{"line":13,"column":3}},"line":6}},"branchMap":{"0":{"loc":{"start":{"line":17,"column":7},"end":{"line":17,"column":35}},"type":"cond-expr","locations":[{"start":{"line":17,"column":15},"end":{"line":17,"column":28}},{"start":{"line":17,"column":31},"end":{"line":17,"column":35}}],"line":17}},"s":{"0":1,"1":0,"2":0,"3":0,"4":0,"5":0,"6":0},"f":{"0":0,"1":0},"b":{"0":[0,0]},"_coverageSchema":"1a1c01bbd47fc00a2c39e90264f33305004495a9","hash":"6efbe2594215d77ea882f645a6fd59cab0a8e705"}
,"/Users/curtiswang/projects/Hack Reactor/Immersive/FEC/client/src/Components/R&R/List.jsx": {"path":"/Users/curtiswang/projects/Hack Reactor/Immersive/FEC/client/src/Components/R&R/List.jsx","statementMap":{"0":{"start":{"line":5,"column":13},"end":{"line":12,"column":1}},"1":{"start":{"line":7,"column":2},"end":{"line":11,"column":4}},"2":{"start":{"line":9,"column":52},"end":{"line":9,"column":99}},"3":{"start":{"line":14,"column":23},"end":{"line":17,"column":1}}},"fnMap":{"0":{"name":"(anonymous_0)","decl":{"start":{"line":5,"column":13},"end":{"line":5,"column":14}},"loc":{"start":{"line":5,"column":44},"end":{"line":12,"column":1}},"line":5},"1":{"name":"(anonymous_1)","decl":{"start":{"line":9,"column":42},"end":{"line":9,"column":43}},"loc":{"start":{"line":9,"column":52},"end":{"line":9,"column":99}},"line":9}},"branchMap":{},"s":{"0":1,"1":2,"2":0,"3":1},"f":{"0":2,"1":0},"b":{},"_coverageSchema":"1a1c01bbd47fc00a2c39e90264f33305004495a9","hash":"eda8ce841a288b5982bb83cbad701845362bae4a"}
[...]
"end":{"line":70,"column":4}},"34":{"start":{"line":75,"column":27},"end":{"line":76,"column":1}},"35":{"start":{"line":78,"column":16},"end":{"line":82,"column":1}},"36":{"start":{"line":84,"column":17},"end":{"line":90,"column":1}}},"fnMap":{"0":{"name":"(anonymous_0)","decl":{"start":{"line":8,"column":21},"end":{"line":8,"column":22}},"loc":{"start":{"line":8,"column":85},"end":{"line":71,"column":1}},"line":8},"1":{"name":"(anonymous_1)","decl":{"start":{"line":19,"column":12},"end":{"line":19,"column":13}},"loc":{"start":{"line":19,"column":18},"end":{"line":41,"column":3}},"line":19},"2":{"name":"(anonymous_2)","decl":{"start":{"line":24,"column":14},"end":{"line":24,"column":15}},"loc":{"start":{"line":24,"column":27},"end":{"line":37,"column":9}},"line":24},"3":{"name":"(anonymous_3)","decl":{"start":{"line":38,"column":15},"end":{"line":38,"column":16}},"loc":{"start":{"line":38,"column":24},"end":{"line":38,"column":49}},"line":38},"4":{"name":"(anonymous_4)","decl":{"start":{"line":43,"column":26},"end":{"line":43,"column":27}},"loc":{"start":{"line":43,"column":32},"end":{"line":45,"column":3}},"line":43},"5":{"name":"(anonymous_5)","decl":{"start":{"line":47,"column":21},"end":{"line":47,"column":22}},"loc":{"start":{"line":47,"column":27},"end":{"line":49,"column":3}},"line":47},"6":{"name":"(anonymous_6)","decl":{"start":{"line":51,"column":25},"end":{"line":51,"column":26}},"loc":{"start":{"line":51,"column":58},"end":{"line":58,"column":3}},"line":51}},"branchMap":{"0":{"loc":{"start":{"line":22,"column":4},"end":{"line":40,"column":5}},"type":"if","locations":[{"start":{"line":22,"column":4},"end":{"line":40,"column":5}},{"start":{},"end":{}}],"line":22},"1":{"loc":{"start":{"line":25,"column":10},"end":{"line":35,"column":11}},"type":"if","locations":[{"start":{"line":25,"column":10},"end":{"line":35,"column":11}},{"start":{"line":27,"column":17},"end":{"line":35,"column":11}}],"line":25},"2":{"loc":{"start":{"line":30,"column":14},"end":{"line":32,"column":15}},"type":"if","locations":[{"start":{"line":30,"column":14},"end":{"line":32,"column":15}},{"start":{},"end":{}}],"line":30},"3":{"loc":{"start":{"line":44,"column":11},"end":{"line":44,"column":189}},"type":"cond-expr","locations":[{"start":{"line":44,"column":38},"end":{"line":44,"column":164}},{"start":{"line":44,"column":167},"end":{"line":44,"column":189}}],"line":44},"4":{"loc":{"start":{"line":62,"column":7},"end":{"line":62,"column":221}},"type":"cond-expr","locations":[{"start":{"line":62,"column":26},"end":{"line":62,"column":214}},{"start":{"line":62,"column":217},"end":{"line":62,"column":221}}],"line":62}},"s":{"0":1,"1":0,"2":0,"3":0,"4":0,"5":0,"6":0,"7":0,"8":0,"9":0,"10":0,"11":0,"12":0,"13":0,"14":0,"15":0,"16":0,"17":0,"18":0,"19":0,"20":0,"21":0,"22":0,"23":0,"24":0,"25":0,"26":0,"27":0,"28":0,"29":0,"30":0,"31":0,"32":0,"33":0,"34":1,"35":1,"36":1},"f":{"0":0,"1":0,"2":0,"3":0,"4":0,"5":0,"6":0},"b":{"0":[0,0],"1":[0,0],"2":[0,0],"3":[0,0],"4":[0,0]},"_coverageSchema":"1a1c01bbd47fc00a2c39e90264f33305004495a9","hash":"fefb9ee1aa51a6070ddaaa54dd680b98102d77e9"}
,"/Users/curtiswang/projects/Hack Reactor/Immersive/FEC/client/src/Components/RelatedItems/RelatedItemsCarousel.jsx": {"path":"/Users/curtiswang/projects/Hack Reactor/Immersive/FEC/client/src/Components/RelatedItems/RelatedItemsCarousel.jsx","statementMap":{"0":{"start":{"line":5,"column":29},"end":{"line":61,"column":1}},"1":{"start":{"line":6,"column":42},"end":{"line":6,"column":53}},"2":{"start":{"line":7,"column":54},"end":{"line":7,"column":68}},"3":{"start":{"line":8,"column":52},"end":{"line":8,"column":67}},"4":{"start":{"line":12,"column":2},"end":{"line":14,"column":21}},"5":{"start":{"line":13,"column":4},"end":{"line":13,"column":23}},"6":{"start":{"line":16,"column":2},"end":{"line":30,"column":35}},"7":{"start":{"line":17,"column":4},"end":{"line":29,"column":5}},"8":{"start":{"line":18,"column":6},"end":{"line":22,"column":7}},"9":{"start":{"line":19,"column":8},"end":{"line":19,"column":36}},"10":{"start":{"line":20,"column":13},"end":{"line":22,"column":7}},"11":{"start":{"line":21,"column":8},"end":{"line":21,"column":35}},"12":{"start":{"line":24,"column":6},"end":{"line":28,"column":7}},"13":{"start":{"line":25,"column":8},"end":{"line":25,"column":37}},"14":{"start":{"line":27,"column":8},"end":{"line":27,"column":36}},"15":{"start":{"line":32,"column":23},"end":{"line":36,"column":3}},"16":{"start":{"line":33,"column":22},"end":{"line":33,"column":72}},"17":{"start":{"line":34,"column":4},"end":{"line":35,"column":147}},"18":{"start":{"line":35,"column":6},"end":{"line":35,"column":141}},"19":{"start":{"line":38,"column":19},"end":{"line":40,"column":3}},"20":{"start":{"line":39,"column":4},"end":{"line":39,"column":127}},"21":{"start":{"line":39,"column":62},"end":{"line":39,"column":105}},"22":{"start":{"line":39,"column":91},"end":{"line":39,"column":104}},"23":{"start":{"line":42,"column":20},"end":{"line":44,"column":3}},"24":{"start":{"line":43,"column":4},"end":{"line":43,"column":166}},"25":{"start":{"line":43,"column":64},"end":{"line":43,"column":107}},"26":{"start":{"line":43,"column":93},"end":{"line":43,"column":106}},"27":{"start":{"line":46,"column":2},"end":{"line":60,"column":4}},"28":{"start":{"line":65,"column":20},"end":{"line":69,"column":1}},"29":{"start":{"line":71,"column":18},"end":{"line":75,"column":1}},"30":{"start":{"line":77,"column":25},"end":{"line":82,"column":1}},"31":{"start":{"line":84,"column":18},"end":{"line":97,"column":1}},"32":{"start":{"line":99,"column":18},"end":{"line":115,"column":1}},"33":{"start":{"line":117,"column":19},"end":{"line":134,"column":1}}},"fnMap":{"0":{"name":"(anonymous_0)","decl":{"start":{"line":5,"column":29},"end":{"line":5,"column":30}},"loc":{"start":{"line":5,"column":86},"end":{"line":61,"column":1}},"line":5},"1":{"name":"(anonymous_1)","decl":{"start":{"line":12,"column":12},"end":{"line":12,"column":13}},"loc":{"start":{"line":12,"column":18},"end":{"line":14,"column":3}},"line":12},"2":{"name":"(anonymous_2)","decl":{"start":{"line":16,"column":12},"end":{"line":16,"column":13}},"loc":{"start":{"line":16,"column":18},"end":{"line":30,"column":3}},"line":16},"3":{"name":"(anonymous_3)","decl":{"start":{"line":32,"column":23},"end":{"line":32,"column":24}},"loc":{"start":{"line":32,"column":29},"end":{"line":36,"column":3}},"line":32},"4":{"name":"(anonymous_4)","decl":{"start":{"line":34,"column":30},"end":{"line":34,"column":31}},"loc":{"start":{"line":35,"column":6},"end":{"line":35,"column":141}},"line":35},"5":{"name":"(anonymous_5)","decl":{"start":{"line":38,"column":19},"end":{"line":38,"column":20}},"loc":{"start":{"line":38,"column":36},"end":{"line":40,"column":3}},"line":38},"6":{"name":"(anonymous_6)","decl":{"start":{"line":39,"column":51},"end":{"line":39,"column":52}},"loc":{"start":{"line":39,"column":62},"end":{"line":39,"column":105}},"line":39},"7":{"name":"(anonymous_7)","decl":{"start":{"line":39,"column":78},"end":{"line":39,"column":79}},"loc":{"start":{"line":39,"column":91},"end":{"line":39,"column":104}},"line":39},"8":{"name":"(anonymous_8)","decl":{"start":{"line":42,"column":20},"end":{"line":42,"column":21}},"loc":{"start":{"line":42,"column":37},"end":{"line":44,"column":3}},"line":42},"9":{"name":"(anonymous_9)","decl":{"start":{"line":43,"column":53},"end":{"line":43,"column":54}},"loc":{"start":{"line":43,"column":64},"end":{"line":43,"column":107}},"line":43},"10":{"name":"(anonymous_10)","decl":{"start":{"line":43,"column":80},"end":{"line":43,"column":81}},"loc":{"start":{"line":43,"column":93},"end":{"line":43,"column":106}},"line":43}},"branchMap":{"0":{"loc":{"start":{"line":17,"column":4},"end":{"line":29,"column":5}},"type":"if","locations":[{"start":{"line":17,"column":4},"end":{"line":29,"column":5}},{"start":{},"end":{}}],"line":17},"1":{"loc":{"start":{"line":18,"column":6},"end":{"line":22,"column":7}},"type":"if","locations":[{"start":{"line":18,"column":6},"end":{"line":22,"column":7}},{"start":{"line":20,"column":13},"end":{"line":22,"column":7}}],"line":18},"2":{"loc":{"start":{"line":20,"column":13},"end":{"line":22,"column":7}},"type":"if","locations":[{"start":{"line":20,"column":13},"end":{"line":22,"column":7}},{"start":{},"end":{}}],"line":20},"3":{"loc":{"start":{"line":24,"column":6},"end":{"line":28,"column":7}},"type":"if","locations":[{"start":{"line":24,"column":6},"end":{"line":28,"column":7}},{"start":{"line":26,"column":13},"end":{"line":28,"column":7}}],"line":24},"4":{"loc":{"start":{"line":24,"column":10},"end":{"line":24,"column":75}},"type":"binary-expr","locations":[{"start":{"line":24,"column":10},"end":{"line":24,"column":33}},{"start":{"line":24,"column":37},"end":{"line":24,"column":75}}],"line":24},"5":{"loc":{"start":{"line":39,"column":11},"end":{"line":39,"column":126}},"type":"cond-expr","locations":[{"start":{"line":39,"column":31},"end":{"line":39,"column":119}},{"start":{"line":39,"column":122},"end":{"line":39,"column":126}}],"line":39},"6":{"loc":{"start":{"line":43,"column":11},"end":{"line":43,"column":165}},"type":"cond-expr","locations":[{"start":{"line":43,"column":32},"end":{"line":43,"column":158}},{"start":{"line":43,"column":161},"end":{"line":43,"column":165}}],"line":43}},"s":{"0":1,"1":2,"2":2,"3":2,"4":2,"5":2,"6":2,"7":2,"8":2,"9":2,"10":0,"11":0,"12":2,"13":0,"14":2,"15":2,"16":2,"17":2,"18":8,"19":2,"20":2,"21":0,"22":0,"23":2,"24":2,"25":0,"26":0,"27":2,"28":1,"29":1,"30":1,"31":1,"32":1,"33":1},"f":{"0":2,"1":2,"2":2,"3":2,"4":8,"5":2,"6":0,"7":0,"8":2,"9":0,"10":0},"b":{"0":[2,0],"1":[2,0],"2":[0,0],"3":[0,2],"4":[2,2],"5":[0,2],"6":[2,0]},"_coverageSchema":"1a1c01bbd47fc00a2c39e90264f33305004495a9","hash":"f3fb42c39effafc4d8fa683b1327988c14e84e1b"}
,"/Users/curtiswang/projects/Hack Reactor/Immersive/FEC/client/src/Tools/clickTracker.js": {"path":"/Users/curtiswang/projects/Hack Reactor/Immersive/FEC/client/src/Tools/clickTracker.js","statementMap":{"0":{"start":{"line":4,"column":30},"end":{"line":4,"column":51}},"1":{"start":{"line":5,"column":31},"end":{"line":15,"column":1}},"2":{"start":{"line":6,"column":20},"end":{"line":10,"column":3}},"3":{"start":{"line":11,"column":2},"end":{"line":11,"column":45}},"4":{"start":{"line":12,"column":2},"end":{"line":14,"column":38}},"5":{"start":{"line":13,"column":21},"end":{"line":13,"column":67}},"6":{"start":{"line":14,"column":18},"end":{"line":14,"column":36}}},"fnMap":{"0":{"name":"(anonymous_0)","decl":{"start":{"line":5,"column":31},"end":{"line":5,"column":32}},"loc":{"start":{"line":5,"column":52},"end":{"line":15,"column":1}},"line":5},"1":{"name":"(anonymous_1)","decl":{"start":{"line":13,"column":10},"end":{"line":13,"column":11}},"loc":{"start":{"line":13,"column":21},"end":{"line":13,"column":67}},"line":13},"2":{"name":"(anonymous_2)","decl":{"start":{"line":14,"column":11},"end":{"line":14,"column":12}},"loc":{"start":{"line":14,"column":18},"end":{"line":14,"column":36}},"line":14}},"branchMap":{},"s":{"0":2,"1":2,"2":0,"3":0,"4":0,"5":0,"6":0},"f":{"0":0,"1":0,"2":0},"b":{},"_coverageSchema":"1a1c01bbd47fc00a2c39e90264f33305004495a9","hash":"48d9ac84206dc6353b11c071551f552ecd850448"}
,"/Users/curtiswang/projects/Hack Reactor/Immersive/FEC/client/src/Tools/cloudWidget.js": {"path":"/Users/curtiswang/projects/Hack Reactor/Immersive/FEC/client/src/Tools/cloudWidget.js","statementMap":{"0":{"start":{"line":1,"column":29},"end":{"line":13,"column":1}},"1":{"start":{"line":2,"column":2},"end":{"line":12,"column":4}},"2":{"start":{"line":8,"column":6},"end":{"line":10,"column":7}},"3":{"start":{"line":9,"column":8},"end":{"line":9,"column":32}},"4":{"start":{"line":15,"column":0},"end":{"line":15,"column":63}}},"fnMap":{"0":{"name":"(anonymous_0)","decl":{"start":{"line":1,"column":29},"end":{"line":1,"column":30}},"loc":{"start":{"line":1,"column":37},"end":{"line":13,"column":1}},"line":1},"1":{"name":"(anonymous_1)","decl":{"start":{"line":7,"column":4},"end":{"line":7,"column":5}},"loc":{"start":{"line":7,"column":18},"end":{"line":11,"column":5}},"line":7}},"branchMap":{"0":{"loc":{"start":{"line":8,"column":6},"end":{"line":10,"column":7}},"type":"if","locations":[{"start":{"line":8,"column":6},"end":{"line":10,"column":7}},{"start":{},"end":{}}],"line":8},"1":{"loc":{"start":{"line":8,"column":10},"end":{"line":8,"column":48}},"type":"binary-expr","locations":[{"start":{"line":8,"column":10},"end":{"line":8,"column":14}},{"start":{"line":8,"column":18},"end":{"line":8,"column":21}},{"start":{"line":8,"column":25},"end":{"line":8,"column":48}}],"line":8}},"s":{"0":2,"1":0,"2":0,"3":0,"4":2},"f":{"0":0,"1":0},"b":{"0":[0,0],"1":[0,0,0]},"_coverageSchema":"1a1c01bbd47fc00a2c39e90264f33305004495a9","hash":"57c72c7dbb6d5b7f9660769de63c6b6ae3c3b765"}
,"/Users/curtiswang/projects/Hack Reactor/Immersive/FEC/client/src/Tools/createStars.js": {"path":"/Users/curtiswang/projects/Hack Reactor/Immersive/FEC/client/src/Tools/createStars.js","statementMap":{"0":{"start":{"line":4,"column":26},"end":{"line":17,"column":1}},"1":{"start":{"line":5,"column":21},"end":{"line":5,"column":22}},"2":{"start":{"line":6,"column":24},"end":{"line":6,"column":25}},"3":{"start":{"line":8,"column":2},"end":{"line":12,"column":3}},"4":{"start":{"line":9,"column":30},"end":{"line":9,"column":50}},"5":{"start":{"line":10,"column":4},"end":{"line":10,"column":56}},"6":{"start":{"line":11,"column":4},"end":{"line":11,"column":43}},"7":{"start":{"line":13,"column":2},"end":{"line":15,"column":3}},"8":{"start":{"line":14,"column":4},"end":{"line":14,"column":16}},"9":{"start":{"line":16,"column":2},"end":{"line":16,"column":51}},"10":{"start":{"line":19,"column":27},"end":{"line":46,"column":1}},"11":{"start":{"line":21,"column":12},"end":{"line":21,"column":33}},"12":{"start":{"line":22,"column":15},"end":{"line":22,"column":17}},"13":{"start":{"line":25,"column":18},"end":{"line":25,"column":31}},"14":{"start":{"line":26,"column":13},"end":{"line":26,"column":14}},"15":{"start":{"line":27,"column":2},"end":{"line":33,"column":3}},"16":{"start":{"line":28,"column":4},"end":{"line":28,"column":14}},"17":{"start":{"line":29,"column":9},"end":{"line":33,"column":3}},"18":{"start":{"line":30,"column":4},"end":{"line":30,"column":14}},"19":{"start":{"line":31,"column":9},"end":{"line":33,"column":3}},"20":{"start":{"line":32,"column":4},"end":{"line":32,"column":14}},"21":{"start":{"line":35,"column":2},"end":{"line":44,"column":3}},"22":{"start":{"line":35,"column":14},"end":{"line":35,"column":15}},"23":{"start":{"line":36,"column":4},"end":{"line":43,"column":5}},"24":{"start":{"line":37,"column":6},"end":{"line":37,"column":80}},"25":{"start":{"line":38,"column":11},"end":{"line":43,"column":5}},"26":{"start":{"line":39,"column":6},"end":{"line":39,"column":81}},"27":{"start":{"line":40,"column":6},"end":{"line":40,"column":15}},"28":{"start":{"line":42,"column":6},"end":{"line":42,"column":78}},"29":{"start":{"line":45,"column":2},"end":{"line":45,"column":16}},"30":{"start":{"line":48,"column":13},"end":{"line":64,"column":1}},"31":{"start":{"line":60,"column":22},"end":{"line":60,"column":32}}},"fnMap":{"0":{"name":"(anonymous_0)","decl":{"start":{"line":4,"column":26},"end":{"line":4,"column":27}},"loc":{"start":{"line":4,"column":39},"end":{"line":17,"column":1}},"line":4},"1":{"name":"(anonymous_1)","decl":{"start":{"line":19,"column":27},"end":{"line":19,"column":28}},"loc":{"start":{"line":19,"column":42},"end":{"line":46,"column":1}},"line":19},"2":{"name":"(anonymous_2)","decl":{"start":{"line":60,"column":13},"end":{"line":60,"column":14}},"loc":{"start":{"line":60,"column":22},"end":{"line":60,"column":32}},"line":60}},"branchMap":{"0":{"loc":{"start":{"line":13,"column":2},"end":{"line":15,"column":3}},"type":"if","locations":[{"start":{"line":13,"column":2},"end":{"line":15,"column":3}},{"start":{},"end":{}}],"line":13},"1":{"loc":{"start":{"line":27,"column":2},"end":{"line":33,"column":3}},"type":"if","locations":[{"start":{"line":27,"column":2},"end":{"line":33,"column":3}},{"start":{"line":29,"column":9},"end":{"line":33,"column":3}}],"line":27},"2":{"loc":{"start":{"line":29,"column":9},"end":{"line":33,"column":3}},"type":"if","locations":[{"start":{"line":29,"column":9},"end":{"line":33,"column":3}},{"start":{"line":31,"column":9},"end":{"line":33,"column":3}}],"line":29},"3":{"loc":{"start":{"line":31,"column":9},"end":{"line":33,"column":3}},"type":"if","locations":[{"start":{"line":31,"column":9},"end":{"line":33,"column":3}},{"start":{},"end":{}}],"line":31},"4":{"loc":{"start":{"line":36,"column":4},"end":{"line":43,"column":5}},"type":"if","locations":[{"start":{"line":36,"column":4},"end":{"line":43,"column":5}},{"start":{"line":38,"column":11},"end":{"line":43,"column":5}}],"line":36},"5":{"loc":{"start":{"line":38,"column":11},"end":{"line":43,"column":5}},"type":"if","locations":[{"start":{"line":38,"column":11},"end":{"line":43,"column":5}},{"start":{"line":41,"column":11},"end":{"line":43,"column":5}}],"line":38}},"s":{"0":2,"1":24,"2":24,"3":24,"4":102,"5":102,"6":102,"7":24,"8":0,"9":24,"10":2,"11":24,"12":24,"13":24,"14":24,"15":24,"16":6,"17":18,"18":0,"19":18,"20":0,"21":24,"22":24,"23":120,"24":66,"25":54,"26":6,"27":6,"28":48,"29":24,"30":2,"31":120},"f":{"0":24,"1":24,"2":120},"b":{"0":[0,24],"1":[6,18],"2":[0,18],"3":[0,18],"4":[66,54],"5":[6,48]},"_coverageSchema":"1a1c01bbd47fc00a2c39e90264f33305004495a9","hash":"5074a22d0fa3b5a0cf073ba58921ebf7953f209a"}
,"/Users/curtiswang/projects/Hack Reactor/Immersive/FEC/client/src/spec/styleMock.js": {"path":"/Users/curtiswang/projects/Hack Reactor/Immersive/FEC/client/src/spec/styleMock.js","statementMap":{"0":{"start":{"line":1,"column":0},"end":{"line":1,"column":20}}},"fnMap":{},"branchMap":{},"s":{"0":1},"f":{},"b":{},"_coverageSchema":"1a1c01bbd47fc00a2c39e90264f33305004495a9","hash":"1fe921f0448b78f22416b7263b275e68d9bca3fd"}
,"/Users/curtiswang/projects/Hack Reactor/Immersive/FEC/client/src/spec/sampleData/Overview/sampleStyle.js": {"path":"/Users/curtiswang/projects/Hack Reactor/Immersive/FEC/client/src/spec/sampleData/Overview/sampleStyle.js","statementMap":{"0":{"start":{"line":1,"column":0},"end":{"line":61,"column":2}}},"fnMap":{},"branchMap":{},"s":{"0":1},"f":{},"b":{},"_coverageSchema":"1a1c01bbd47fc00a2c39e90264f33305004495a9","hash":"68130165a9b4145746872436d3069e6dfffd725e"}
,"/Users/curtiswang/projects/Hack Reactor/Immersive/FEC/client/src/spec/sampleData/QnA/sampleQuestionData.js": {"path":"/Users/curtiswang/projects/Hack Reactor/Immersive/FEC/client/src/spec/sampleData/QnA/sampleQuestionData.js","statementMap":{"0":{"start":{"line":1,"column":21},"end":{"line":408,"column":1}},"1":{"start":{"line":410,"column":0},"end":{"line":410,"column":44}}},"fnMap":{},"branchMap":{},"s":{"0":1,"1":1},"f":{},"b":{},"_coverageSchema":"1a1c01bbd47fc00a2c39e90264f33305004495a9","hash":"3b78aa8297276ec5b36ec98f593c9709e4358f07"}
,"/Users/curtiswang/projects/Hack Reactor/Immersive/FEC/client/src/spec/sampleData/QnA/sampleQuestionProduct.js": {"path":"/Users/curtiswang/projects/Hack Reactor/Immersive/FEC/client/src/spec/sampleData/QnA/sampleQuestionProduct.js","statementMap":{"0":{"start":{"line":1,"column":23},"end":{"line":17,"column":1}},"1":{"start":{"line":19,"column":0},"end":{"line":19,"column":47}}},"fnMap":{},"branchMap":{},"s":{"0":1,"1":1},"f":{},"b":{},"_coverageSchema":"1a1c01bbd47fc00a2c39e90264f33305004495a9","hash":"2fb7bfe7662705f2343d463cfd3b0d1b003493e3"}
,"/Users/curtiswang/projects/Hack Reactor/Immersive/FEC/client/src/spec/sampleData/RelatedItems/sampleProduct.js": {"path":"/Users/curtiswang/projects/Hack Reactor/Immersive/FEC/client/src/spec/sampleData/RelatedItems/sampleProduct.js","statementMap":{"0":{"start":{"line":1,"column":0},"end":{"line":248,"column":2}}},"fnMap":{},"branchMap":{},"s":{"0":1},"f":{},"b":{},"_coverageSchema":"1a1c01bbd47fc00a2c39e90264f33305004495a9","hash":"84941b9d1c93cf9f9b8229bf9a6a13abf9c0b1c7"}
}
