TN:
SF:client/src/Components/Overview/AddCart.jsx
FN:9,(anonymous_0)
FN:15,(anonymous_1)
FN:26,(anonymous_2)
FN:30,(anonymous_3)
FN:37,(anonymous_4)
FN:44,(anonymous_5)
FN:57,(anonymous_6)
FN:59,(anonymous_7)
FN:64,(anonymous_8)
FN:68,(anonymous_9)
FN:73,(anonymous_10)
FNF:11
FNH:6
FNDA:4,(anonymous_0)
FNDA:60,(anonymous_1)
FNDA:2,(anonymous_2)
FNDA:2,(anonymous_3)
FNDA:12,(anonymous_4)
FNDA:0,(anonymous_5)
FNDA:0,(anonymous_6)
FNDA:24,(anonymous_7)
FNDA:0,(anonymous_8)
FNDA:0,(anonymous_9)
FNDA:0,(anonymous_10)
DA:6,1
DA:9,1
DA:10,4
DA:11,4
DA:12,4
DA:13,4
DA:14,4
DA:15,60
DA:18,4
DA:19,24
DA:20,24
DA:26,4
DA:27,2
DA:30,4
DA:31,2
DA:32,2
DA:34,0
DA:35,0
DA:37,2
DA:38,12
DA:39,0
DA:44,4
DA:45,0
DA:46,0
DA:48,0
DA:53,4
DA:57,0
DA:60,24
DA:64,0
DA:69,0
DA:73,0
LF:31
LH:21
BRDA:19,0,0,24
BRDA:19,0,1,0
BRDA:19,1,0,24
BRDA:19,1,1,24
BRDA:31,2,0,2
BRDA:31,2,1,0
BRDA:38,3,0,0
BRDA:38,3,1,12
BRDA:45,4,0,0
BRDA:45,4,1,0
BRDA:45,5,0,0
BRDA:45,5,1,0
BRDA:55,6,0,0
BRDA:55,6,1,4
BRDA:65,7,0,0
BRDA:65,7,1,4
BRF:16
BRH:7
end_of_record
TN:
SF:client/src/Components/Overview/DefaultImgView.jsx
FN:9,(anonymous_0)
FN:28,(anonymous_1)
FN:32,(anonymous_2)
FN:42,(anonymous_3)
FN:44,(anonymous_4)
FN:49,(anonymous_5)
FNF:6
FNH:3
FNDA:2,(anonymous_0)
FNDA:12,(anonymous_1)
FNDA:0,(anonymous_2)
FNDA:0,(anonymous_3)
FNDA:12,(anonymous_4)
FNDA:0,(anonymous_5)
DA:7,1
DA:9,1
DA:10,2
DA:18,2
DA:29,12
DA:32,0
DA:42,0
DA:45,12
DA:49,0
LF:9
LH:6
BRDA:20,0,0,2
BRDA:20,0,1,2
BRDA:20,0,2,0
BRDA:23,1,0,2
BRDA:23,1,1,2
BRDA:23,1,2,2
BRDA:28,2,0,2
BRDA:28,2,1,2
BRDA:33,3,0,2
BRDA:33,3,1,10
BRDA:35,4,0,0
BRDA:35,4,1,12
BRDA:44,5,0,2
BRDA:44,5,1,2
BRDA:47,6,0,12
BRDA:47,6,1,2
BRDA:51,7,0,0
BRDA:51,7,1,2
BRF:18
BRH:15
end_of_record
TN:
SF:client/src/Components/Overview/ExpandedView.jsx
FN:10,(anonymous_0)
FN:32,(anonymous_1)
FN:36,(anonymous_2)
FN:47,(anonymous_3)
FN:50,(anonymous_4)
FN:56,(anonymous_5)
FNF:6
FNH:3
FNDA:1,(anonymous_0)
FNDA:6,(anonymous_1)
FNDA:0,(anonymous_2)
FNDA:0,(anonymous_3)
FNDA:6,(anonymous_4)
FNDA:0,(anonymous_5)
DA:8,1
DA:10,1
DA:12,1
DA:22,1
DA:33,6
DA:36,0
DA:47,0
DA:51,6
DA:56,0
LF:9
LH:6
BRDA:24,0,0,1
BRDA:24,0,1,1
BRDA:24,0,2,0
BRDA:24,0,3,0
BRDA:27,1,0,1
BRDA:27,1,1,1
BRDA:27,1,2,1
BRDA:27,1,3,1
BRDA:32,2,0,1
BRDA:32,2,1,1
BRDA:32,2,2,1
BRDA:37,3,0,1
BRDA:37,3,1,5
BRDA:39,4,0,0
BRDA:39,4,1,6
BRDA:46,5,0,1
BRDA:46,5,1,1
BRDA:50,6,0,1
BRDA:50,6,1,1
BRDA:50,6,2,1
BRDA:54,7,0,6
BRDA:54,7,1,1
BRDA:58,8,0,0
BRDA:58,8,1,1
BRDA:64,9,0,1
BRDA:64,9,1,0
BRF:26
BRH:21
end_of_record
TN:
SF:client/src/Components/Overview/ImageGallery.jsx
FN:12,(anonymous_0)
FN:15,(anonymous_1)
FN:19,(anonymous_2)
FNF:3
FNH:1
FNDA:1,(anonymous_0)
FNDA:0,(anonymous_1)
FNDA:0,(anonymous_2)
DA:10,1
DA:12,1
DA:13,1
DA:15,1
DA:16,0
DA:19,1
DA:20,0
DA:23,1
LF:8
LH:6
BRDA:16,0,0,0
BRDA:16,0,1,0
BRDA:20,1,0,0
BRDA:20,1,1,0
BRDA:25,2,0,1
BRDA:25,2,1,1
BRDA:29,3,0,1
BRDA:29,3,1,0
BRF:8
BRH:3
end_of_record
TN:
SF:client/src/Components/Overview/ProductDesc.jsx
FN:6,(anonymous_0)
FNF:1
FNH:1
FNDA:1,(anonymous_0)
DA:4,1
DA:6,1
DA:7,1
LF:3
LH:3
BRF:0
BRH:0
end_of_record
TN:
SF:client/src/Components/Overview/ProductInfo.jsx
FN:10,(anonymous_0)
FN:13,(anonymous_1)
FN:16,(anonymous_2)
FN:19,(anonymous_3)
FN:27,(anonymous_4)
FNF:5
FNH:3
FNDA:1,(anonymous_0)
FNDA:1,(anonymous_1)
FNDA:1,(anonymous_2)
FNDA:0,(anonymous_3)
FNDA:0,(anonymous_4)
DA:8,1
DA:10,1
DA:11,1
DA:13,1
DA:14,1
DA:15,1
DA:17,1
DA:19,0
DA:24,1
DA:27,0
LF:10
LH:8
BRDA:14,0,0,1
BRDA:14,0,1,0
BRDA:31,1,0,0
BRDA:31,1,1,1
BRF:4
BRH:2
end_of_record
TN:
SF:client/src/Components/Overview/StyleSelector.jsx
FN:6,(anonymous_0)
FN:18,(anonymous_1)
FN:20,(anonymous_2)
FNF:3
FNH:2
FNDA:2,(anonymous_0)
FNDA:6,(anonymous_1)
FNDA:0,(anonymous_2)
DA:6,1
DA:10,2
DA:19,6
DA:20,0
LF:4
LH:3
BRDA:12,0,0,2
BRDA:12,0,1,2
BRDA:18,1,0,2
BRDA:18,1,1,1
BRDA:20,2,0,0
BRDA:20,2,1,6
BRF:6
BRH:5
end_of_record
TN:
SF:client/src/Components/Overview/ZoomView.jsx
FN:4,(anonymous_0)
FN:10,(anonymous_1)
FN:25,(anonymous_2)
FN:32,(anonymous_3)
FN:42,(anonymous_4)
FNF:5
FNH:0
FNDA:0,(anonymous_0)
FNDA:0,(anonymous_1)
FNDA:0,(anonymous_2)
FNDA:0,(anonymous_3)
FNDA:0,(anonymous_4)
DA:2,1
DA:4,1
DA:5,0
DA:6,0
DA:7,0
DA:8,0
DA:10,0
DA:27,0
DA:28,0
DA:29,0
DA:30,0
DA:34,0
DA:35,0
DA:38,0
DA:39,0
DA:40,0
DA:44,0
LF:17
LH:2
BRDA:4,0,0,0
BRDA:4,1,0,0
BRDA:4,2,0,0
BRDA:51,3,0,0
BRDA:51,3,1,0
BRF:5
BRH:0
end_of_record
TN:
SF:client/src/Components/QnA/AnswerEntry.jsx
FN:6,(anonymous_0)
FN:11,(anonymous_1)
FN:14,(anonymous_2)
FN:17,(anonymous_3)
FN:20,(anonymous_4)
FN:23,(anonymous_5)
FN:26,(anonymous_6)
FN:35,(anonymous_7)
FN:44,(anonymous_8)
FN:48,(anonymous_9)
FNF:10
FNH:0
FNDA:0,(anonymous_0)
FNDA:0,(anonymous_1)
FNDA:0,(anonymous_2)
FNDA:0,(anonymous_3)
FNDA:0,(anonymous_4)
FNDA:0,(anonymous_5)
FNDA:0,(anonymous_6)
FNDA:0,(anonymous_7)
FNDA:0,(anonymous_8)
FNDA:0,(anonymous_9)
DA:6,1
DA:8,0
DA:9,0
DA:11,0
DA:12,0
DA:13,0
DA:15,0
DA:17,0
DA:20,0
DA:21,0
DA:22,0
DA:24,0
DA:26,0
DA:29,0
DA:36,0
DA:44,0
DA:48,0
DA:57,1
DA:63,1
DA:71,1
DA:75,1
DA:81,1
DA:84,1
DA:87,1
DA:90,1
LF:25
LH:9
BRDA:33,0,0,0
BRDA:33,0,1,0
BRDA:43,1,0,0
BRDA:43,1,1,0
BRDA:47,2,0,0
BRDA:47,2,1,0
BRF:6
BRH:0
end_of_record
TN:
SF:client/src/Components/QnA/AnswerModal.jsx
FN:6,(anonymous_0)
FN:19,(anonymous_1)
FN:21,(anonymous_2)
FN:24,(anonymous_3)
FN:25,(anonymous_4)
FN:30,(anonymous_5)
FN:36,(anonymous_6)
FN:57,(anonymous_7)
FN:66,(anonymous_8)
FN:70,(anonymous_9)
FN:71,(anonymous_10)
FN:73,(anonymous_11)
FN:78,(anonymous_12)
FN:80,(anonymous_13)
FN:84,(anonymous_14)
FN:92,(anonymous_15)
FN:107,(anonymous_16)
FN:109,(anonymous_17)
FN:111,(anonymous_18)
FN:114,(anonymous_19)
FN:141,(anonymous_20)
FNF:21
FNH:0
FNDA:0,(anonymous_0)
FNDA:0,(anonymous_1)
FNDA:0,(anonymous_2)
FNDA:0,(anonymous_3)
FNDA:0,(anonymous_4)
FNDA:0,(anonymous_5)
FNDA:0,(anonymous_6)
FNDA:0,(anonymous_7)
FNDA:0,(anonymous_8)
FNDA:0,(anonymous_9)
FNDA:0,(anonymous_10)
FNDA:0,(anonymous_11)
FNDA:0,(anonymous_12)
FNDA:0,(anonymous_13)
FNDA:0,(anonymous_14)
FNDA:0,(anonymous_15)
FNDA:0,(anonymous_16)
FNDA:0,(anonymous_17)
FNDA:0,(anonymous_18)
FNDA:0,(anonymous_19)
FNDA:0,(anonymous_20)
DA:6,1
DA:8,0
DA:9,0
DA:10,0
DA:11,0
DA:13,0
DA:14,0
DA:15,0
DA:16,0
DA:17,0
DA:19,0
DA:20,0
DA:21,0
DA:24,0
DA:25,0
DA:26,0
DA:30,0
DA:31,0
DA:32,0
DA:36,0
DA:37,0
DA:38,0
DA:39,0
DA:40,0
DA:42,0
DA:43,0
DA:44,0
DA:46,0
DA:47,0
DA:48,0
DA:50,0
DA:51,0
DA:52,0
DA:54,0
DA:57,0
DA:58,0
DA:59,0
DA:60,0
DA:61,0
DA:62,0
DA:63,0
DA:64,0
DA:65,0
DA:67,0
DA:68,0
DA:69,0
DA:70,0
DA:71,0
DA:73,0
DA:75,0
DA:78,0
DA:79,0
DA:80,0
DA:81,0
DA:84,0
DA:85,0
DA:86,0
DA:87,0
DA:90,0
DA:92,0
DA:108,0
DA:109,0
DA:111,0
DA:114,0
DA:142,0
DA:143,0
DA:144,0
DA:155,1
DA:172,1
DA:177,1
DA:197,1
DA:207,1
DA:210,1
DA:218,1
DA:222,1
DA:227,1
DA:232,1
DA:237,1
DA:242,1
DA:247,1
DA:251,1
DA:255,1
DA:260,1
DA:262,1
DA:267,1
DA:273,1
DA:279,1
DA:285,1
LF:88
LH:22
BRDA:31,0,0,0
BRDA:31,0,1,0
BRDA:38,1,0,0
BRDA:38,1,1,0
BRDA:42,2,0,0
BRDA:42,2,1,0
BRDA:46,3,0,0
BRDA:46,3,1,0
BRDA:50,4,0,0
BRDA:50,4,1,0
BRDA:64,5,0,0
BRDA:64,5,1,0
BRDA:106,6,0,0
BRDA:106,6,1,0
BRDA:106,7,0,0
BRDA:106,7,1,0
BRDA:110,8,0,0
BRDA:110,8,1,0
BRF:18
BRH:0
end_of_record
TN:
SF:client/src/Components/QnA/AnswersList.jsx
FN:7,(anonymous_0)
FN:11,(anonymous_1)
FN:13,(anonymous_2)
FN:17,(anonymous_3)
FN:20,(anonymous_4)
FN:24,(anonymous_5)
FN:36,(anonymous_6)
FN:44,(anonymous_7)
FN:49,(anonymous_8)
FNF:9
FNH:0
FNDA:0,(anonymous_0)
FNDA:0,(anonymous_1)
FNDA:0,(anonymous_2)
FNDA:0,(anonymous_3)
FNDA:0,(anonymous_4)
FNDA:0,(anonymous_5)
FNDA:0,(anonymous_6)
FNDA:0,(anonymous_7)
FNDA:0,(anonymous_8)
DA:7,1
DA:9,0
DA:11,0
DA:12,0
DA:15,0
DA:17,0
DA:20,0
DA:21,0
DA:24,0
DA:25,0
DA:36,0
DA:37,0
DA:38,0
DA:41,0
DA:45,0
DA:46,0
DA:50,0
DA:61,1
DA:67,1
LF:19
LH:3
BRDA:43,0,0,0
BRDA:43,0,1,0
BRDA:43,1,0,0
BRDA:43,1,1,0
BRDA:45,2,0,0
BRDA:45,2,1,0
BRDA:52,3,0,0
BRDA:52,3,1,0
BRF:8
BRH:0
end_of_record
TN:
SF:client/src/Components/QnA/QnA.jsx
FN:11,(anonymous_0)
FN:17,(anonymous_1)
FN:20,(anonymous_2)
FN:21,(anonymous_3)
FN:26,(anonymous_4)
FNF:5
FNH:2
FNDA:1,(anonymous_0)
FNDA:1,(anonymous_1)
FNDA:0,(anonymous_2)
FNDA:0,(anonymous_3)
FNDA:0,(anonymous_4)
DA:11,1
DA:13,1
DA:14,1
DA:15,1
DA:17,1
DA:18,1
DA:19,0
DA:20,0
DA:21,0
DA:25,1
DA:26,0
DA:36,1
DA:39,1
LF:13
LH:9
BRDA:18,0,0,0
BRDA:18,0,1,1
BRDA:29,1,0,0
BRDA:29,1,1,1
BRF:4
BRH:2
end_of_record
TN:
SF:client/src/Components/QnA/QuestionEntry.jsx
FN:7,(anonymous_0)
FN:16,(anonymous_1)
FN:21,(anonymous_2)
FN:24,(anonymous_3)
FN:27,(anonymous_4)
FN:30,(anonymous_5)
FN:33,(anonymous_6)
FN:36,(anonymous_7)
FN:48,(anonymous_8)
FN:52,(anonymous_9)
FN:55,(anonymous_10)
FNF:11
FNH:0
FNDA:0,(anonymous_0)
FNDA:0,(anonymous_1)
FNDA:0,(anonymous_2)
FNDA:0,(anonymous_3)
FNDA:0,(anonymous_4)
FNDA:0,(anonymous_5)
FNDA:0,(anonymous_6)
FNDA:0,(anonymous_7)
FNDA:0,(anonymous_8)
FNDA:0,(anonymous_9)
FNDA:0,(anonymous_10)
DA:7,1
DA:11,0
DA:12,0
DA:13,0
DA:14,0
DA:16,0
DA:17,0
DA:18,0
DA:21,0
DA:22,0
DA:23,0
DA:25,0
DA:27,0
DA:30,0
DA:31,0
DA:32,0
DA:34,0
DA:36,0
DA:40,0
DA:41,0
DA:48,0
DA:52,0
DA:55,0
DA:69,1
DA:75,1
DA:82,1
DA:88,1
DA:94,1
DA:100,1
DA:104,1
DA:109,1
DA:113,1
LF:32
LH:10
BRDA:40,0,0,0
BRDA:40,0,1,0
BRDA:40,1,0,0
BRDA:40,1,1,0
BRDA:40,1,2,0
BRDA:44,2,0,0
BRDA:44,2,1,0
BRDA:47,3,0,0
BRDA:47,3,1,0
BRDA:48,4,0,0
BRDA:48,4,1,0
BRDA:49,5,0,0
BRDA:49,5,1,0
BRDA:51,6,0,0
BRDA:51,6,1,0
BRDA:59,7,0,0
BRDA:59,7,1,0
BRDA:60,8,0,0
BRDA:60,8,1,0
BRF:19
BRH:0
end_of_record
TN:
SF:client/src/Components/QnA/QuestionModal.jsx
FN:5,(anonymous_0)
FN:11,(anonymous_1)
FN:13,(anonymous_2)
FN:16,(anonymous_3)
FN:33,(anonymous_4)
FN:42,(anonymous_5)
FN:46,(anonymous_6)
FN:47,(anonymous_7)
FN:49,(anonymous_8)
FN:55,(anonymous_9)
FNF:10
FNH:0
FNDA:0,(anonymous_0)
FNDA:0,(anonymous_1)
FNDA:0,(anonymous_2)
FNDA:0,(anonymous_3)
FNDA:0,(anonymous_4)
FNDA:0,(anonymous_5)
FNDA:0,(anonymous_6)
FNDA:0,(anonymous_7)
FNDA:0,(anonymous_8)
FNDA:0,(anonymous_9)
DA:5,1
DA:7,0
DA:8,0
DA:9,0
DA:11,0
DA:12,0
DA:13,0
DA:16,0
DA:17,0
DA:18,0
DA:19,0
DA:20,0
DA:22,0
DA:23,0
DA:24,0
DA:26,0
DA:27,0
DA:28,0
DA:30,0
DA:33,0
DA:34,0
DA:35,0
DA:36,0
DA:37,0
DA:38,0
DA:39,0
DA:40,0
DA:41,0
DA:43,0
DA:45,0
DA:46,0
DA:47,0
DA:49,0
DA:53,0
DA:55,0
DA:105,1
DA:122,1
DA:127,1
DA:132,1
DA:141,1
DA:149,1
DA:154,1
DA:158,1
DA:163,1
DA:168,1
DA:172,1
LF:46
LH:12
BRDA:18,0,0,0
BRDA:18,0,1,0
BRDA:22,1,0,0
BRDA:22,1,1,0
BRDA:26,2,0,0
BRDA:26,2,1,0
BRDA:40,3,0,0
BRDA:40,3,1,0
BRF:8
BRH:0
end_of_record
TN:
SF:client/src/Components/QnA/QuestionsList.jsx
FN:6,(anonymous_0)
FN:12,(anonymous_1)
FN:17,(anonymous_2)
FN:27,(anonymous_3)
FN:32,(anonymous_4)
FN:38,(anonymous_5)
FNF:6
FNH:2
FNDA:1,(anonymous_0)
FNDA:1,(anonymous_1)
FNDA:0,(anonymous_2)
FNDA:0,(anonymous_3)
FNDA:0,(anonymous_4)
FNDA:0,(anonymous_5)
DA:6,1
DA:8,1
DA:9,1
DA:10,1
DA:12,1
DA:13,1
DA:14,1
DA:17,1
DA:18,0
DA:19,0
DA:22,1
DA:28,0
DA:29,0
DA:33,0
DA:38,0
DA:46,1
DA:51,1
DA:59,1
DA:66,1
DA:75,1
LF:20
LH:14
BRDA:26,0,0,0
BRDA:26,0,1,1
BRDA:28,1,0,0
BRDA:28,1,1,0
BRDA:37,2,0,1
BRDA:37,2,1,0
BRF:6
BRH:2
end_of_record
TN:
SF:client/src/Components/QnA/SearchQnA.jsx
FN:4,(anonymous_0)
FN:11,(anonymous_1)
FNF:2
FNH:1
FNDA:1,(anonymous_0)
FNDA:0,(anonymous_1)
DA:4,1
DA:6,1
DA:12,0
DA:22,1
DA:29,1
DA:37,1
LF:6
LH:5
BRF:0
BRH:0
end_of_record
TN:
SF:client/src/Components/R&R/Breakdown.jsx
FN:7,(anonymous_0)
FN:10,(anonymous_1)
FN:14,(anonymous_2)
FN:24,(anonymous_3)
FN:46,(anonymous_4)
FN:52,(anonymous_5)
FNF:6
FNH:2
FNDA:4,(anonymous_0)
FNDA:0,(anonymous_1)
FNDA:0,(anonymous_2)
FNDA:4,(anonymous_3)
FNDA:0,(anonymous_4)
FNDA:0,(anonymous_5)
DA:7,1
DA:8,4
DA:10,4
DA:11,0
DA:14,4
DA:15,0
DA:16,0
DA:17,0
DA:18,0
DA:19,0
DA:21,0
DA:24,4
DA:25,4
DA:26,4
DA:27,0
DA:28,0
DA:31,0
DA:34,4
DA:47,0
DA:48,0
DA:50,0
DA:52,0
DA:65,1
DA:67,1
DA:71,1
LF:25
LH:11
BRDA:15,0,0,0
BRDA:15,0,1,0
BRDA:16,1,0,0
BRDA:16,1,1,0
BRDA:17,2,0,0
BRDA:17,2,1,0
BRDA:18,3,0,0
BRDA:18,3,1,0
BRDA:18,4,0,0
BRDA:18,4,1,0
BRDA:26,5,0,0
BRDA:26,5,1,0
BRDA:37,6,0,0
BRDA:37,6,1,4
BRDA:45,7,0,0
BRDA:45,7,1,4
BRDA:47,8,0,0
BRDA:47,8,1,0
BRDA:58,9,0,0
BRDA:58,9,1,0
BRF:20
BRH:2
end_of_record
TN:
SF:client/src/Components/R&R/CharacterTile.jsx
FN:4,(anonymous_0)
FN:5,(anonymous_1)
FN:11,(anonymous_2)
FN:17,(anonymous_3)
FN:32,(anonymous_4)
FN:65,(anonymous_5)
FN:66,(anonymous_6)
FN:80,(anonymous_7)
FNF:8
FNH:0
FNDA:0,(anonymous_0)
FNDA:0,(anonymous_1)
FNDA:0,(anonymous_2)
FNDA:0,(anonymous_3)
FNDA:0,(anonymous_4)
FNDA:0,(anonymous_5)
FNDA:0,(anonymous_6)
FNDA:0,(anonymous_7)
DA:4,1
DA:5,0
DA:6,0
DA:7,0
DA:9,0
DA:11,0
DA:12,0
DA:13,0
DA:15,0
DA:17,0
DA:18,0
DA:19,0
DA:20,0
DA:21,0
DA:22,0
DA:23,0
DA:24,0
DA:25,0
DA:26,0
DA:27,0
DA:28,0
DA:29,0
DA:30,0
DA:32,0
DA:33,0
DA:34,0
DA:35,0
DA:36,0
DA:37,0
DA:39,0
DA:42,0
DA:53,1
DA:65,0
DA:66,0
DA:69,1
DA:75,1
DA:79,1
DA:80,0
LF:38
LH:5
BRDA:6,0,0,0
BRDA:6,0,1,0
BRDA:12,1,0,0
BRDA:12,1,1,0
BRDA:19,2,0,0
BRDA:19,2,1,0
BRDA:21,3,0,0
BRDA:21,3,1,0
BRDA:23,4,0,0
BRDA:23,4,1,0
BRDA:25,5,0,0
BRDA:25,5,1,0
BRDA:27,6,0,0
BRDA:27,6,1,0
BRDA:29,7,0,0
BRDA:29,7,1,0
BRDA:34,8,0,0
BRDA:34,8,1,0
BRDA:36,9,0,0
BRDA:36,9,1,0
BRF:20
BRH:0
end_of_record
TN:
SF:client/src/Components/R&R/CharacteristicInput.jsx
FN:4,(anonymous_0)
FN:8,(anonymous_1)
FN:26,(anonymous_2)
FNF:3
FNH:0
FNDA:0,(anonymous_0)
FNDA:0,(anonymous_1)
FNDA:0,(anonymous_2)
DA:4,1
DA:5,0
DA:6,0
DA:8,0
DA:10,0
DA:11,0
DA:12,0
DA:13,0
DA:14,0
DA:15,0
DA:16,0
DA:17,0
DA:18,0
DA:19,0
DA:20,0
DA:21,0
DA:23,0
DA:26,0
DA:27,0
DA:28,0
DA:31,0
DA:63,1
DA:69,1
DA:75,1
DA:78,1
DA:82,1
DA:86,1
LF:27
LH:7
BRDA:10,0,0,0
BRDA:10,0,1,0
BRDA:12,1,0,0
BRDA:12,1,1,0
BRDA:14,2,0,0
BRDA:14,2,1,0
BRDA:16,3,0,0
BRDA:16,3,1,0
BRDA:18,4,0,0
BRDA:18,4,1,0
BRDA:20,5,0,0
BRDA:20,5,1,0
BRF:12
BRH:0
end_of_record
TN:
SF:client/src/Components/R&R/Characteristics.jsx
FN:4,(anonymous_0)
FN:6,(anonymous_1)
FNF:2
FNH:0
FNDA:0,(anonymous_0)
FNDA:0,(anonymous_1)
DA:4,1
DA:6,0
DA:7,0
DA:9,0
DA:10,0
DA:12,0
DA:15,0
LF:7
LH:1
BRDA:17,0,0,0
BRDA:17,0,1,0
BRF:2
BRH:0
end_of_record
TN:
SF:client/src/Components/R&R/List.jsx
FN:5,(anonymous_0)
FN:9,(anonymous_1)
FNF:2
FNH:1
FNDA:2,(anonymous_0)
FNDA:0,(anonymous_1)
DA:5,1
DA:7,2
DA:9,0
DA:14,1
LF:4
LH:3
BRF:0
BRH:0
end_of_record
TN:
SF:client/src/Components/R&R/Modal.jsx
FN:5,(anonymous_0)
FN:6,(anonymous_1)
FN:11,(anonymous_2)
FN:14,(anonymous_3)
FNF:4
FNH:0
FNDA:0,(anonymous_0)
FNDA:0,(anonymous_1)
FNDA:0,(anonymous_2)
FNDA:0,(anonymous_3)
DA:5,1
DA:6,0
DA:7,0
DA:8,0
DA:11,0
DA:12,0
DA:13,0
DA:14,0
DA:15,0
DA:16,0
DA:20,0
DA:28,1
DA:42,1
LF:13
LH:3
BRDA:7,0,0,0
BRDA:7,0,1,0
BRF:2
BRH:0
end_of_record
TN:
SF:client/src/Components/R&R/ModalForm.jsx
FN:8,(anonymous_0)
FN:20,(anonymous_1)
FN:21,(anonymous_2)
FN:26,(anonymous_3)
FN:35,(anonymous_4)
FN:40,(anonymous_5)
FN:54,(anonymous_6)
FN:56,(anonymous_7)
FN:65,(anonymous_8)
FN:72,(anonymous_9)
FN:77,(anonymous_10)
FN:87,(anonymous_11)
FN:101,(anonymous_12)
FN:105,(anonymous_13)
FN:123,(anonymous_14)
FN:127,(anonymous_15)
FN:141,(anonymous_16)
FN:158,(anonymous_17)
FN:161,(anonymous_18)
FN:165,(anonymous_19)
FN:245,(anonymous_20)
FNF:21
FNH:0
FNDA:0,(anonymous_0)
FNDA:0,(anonymous_1)
FNDA:0,(anonymous_2)
FNDA:0,(anonymous_3)
FNDA:0,(anonymous_4)
FNDA:0,(anonymous_5)
FNDA:0,(anonymous_6)
FNDA:0,(anonymous_7)
FNDA:0,(anonymous_8)
FNDA:0,(anonymous_9)
FNDA:0,(anonymous_10)
FNDA:0,(anonymous_11)
FNDA:0,(anonymous_12)
FNDA:0,(anonymous_13)
FNDA:0,(anonymous_14)
FNDA:0,(anonymous_15)
FNDA:0,(anonymous_16)
FNDA:0,(anonymous_17)
FNDA:0,(anonymous_18)
FNDA:0,(anonymous_19)
FNDA:0,(anonymous_20)
DA:8,1
DA:10,0
DA:11,0
DA:12,0
DA:13,0
DA:14,0
DA:15,0
DA:16,0
DA:17,0
DA:18,0
DA:19,0
DA:20,0
DA:21,0
DA:22,0
DA:26,0
DA:27,0
DA:28,0
DA:30,0
DA:31,0
DA:35,0
DA:36,0
DA:37,0
DA:38,0
DA:40,0
DA:41,0
DA:42,0
DA:43,0
DA:44,0
DA:45,0
DA:46,0
DA:47,0
DA:48,0
DA:49,0
DA:50,0
DA:51,0
DA:54,0
DA:55,0
DA:56,0
DA:61,0
DA:62,0
DA:65,0
DA:66,0
DA:67,0
DA:68,0
DA:70,0
DA:72,0
DA:73,0
DA:74,0
DA:75,0
DA:77,0
DA:78,0
DA:79,0
DA:80,0
DA:81,0
DA:83,0
DA:87,0
DA:88,0
DA:90,0
DA:102,0
DA:103,0
DA:105,0
DA:107,0
DA:123,0
DA:127,0
DA:141,0
DA:159,0
DA:161,0
DA:165,0
DA:177,1
DA:187,1
DA:202,1
DA:209,1
DA:217,1
DA:226,1
DA:231,1
DA:237,1
DA:241,1
DA:245,0
DA:252,1
DA:258,1
DA:265,1
DA:270,1
DA:277,1
DA:287,1
DA:293,1
LF:85
LH:17
BRDA:27,0,0,0
BRDA:27,0,1,0
BRDA:30,1,0,0
BRDA:30,1,1,0
BRDA:42,2,0,0
BRDA:42,2,1,0
BRDA:44,3,0,0
BRDA:44,3,1,0
BRDA:46,4,0,0
BRDA:46,4,1,0
BRDA:48,5,0,0
BRDA:48,5,1,0
BRDA:50,6,0,0
BRDA:50,6,1,0
BRDA:78,7,0,0
BRDA:78,7,1,0
BRDA:80,8,0,0
BRDA:80,8,1,0
BRDA:157,9,0,0
BRDA:157,9,1,0
BRDA:164,10,0,0
BRDA:164,10,1,0
BRF:22
BRH:0
end_of_record
TN:
SF:client/src/Components/R&R/RatingFilter.jsx
FN:4,(anonymous_0)
FN:6,(anonymous_1)
FN:14,(anonymous_2)
FN:47,(anonymous_3)
FNF:4
FNH:0
FNDA:0,(anonymous_0)
FNDA:0,(anonymous_1)
FNDA:0,(anonymous_2)
FNDA:0,(anonymous_3)
DA:4,1
DA:6,0
DA:7,0
DA:8,0
DA:10,0
DA:13,0
DA:14,0
DA:21,1
DA:31,1
DA:35,1
DA:47,0
LF:11
LH:4
BRDA:7,0,0,0
BRDA:7,0,1,0
BRDA:7,1,0,0
BRDA:7,1,1,0
BRF:4
BRH:0
end_of_record
TN:
SF:client/src/Components/R&R/Reviews.jsx
FN:10,(anonymous_0)
FN:25,(anonymous_1)
FN:28,(anonymous_2)
FN:31,(anonymous_3)
FN:36,(anonymous_4)
FN:38,(anonymous_5)
FN:48,(anonymous_6)
FN:53,(anonymous_7)
FN:56,(anonymous_8)
FN:63,(anonymous_9)
FN:71,(anonymous_10)
FN:75,(anonymous_11)
FN:82,(anonymous_12)
FN:86,(anonymous_13)
FN:88,(anonymous_14)
FN:95,(anonymous_15)
FN:98,(anonymous_16)
FN:102,(anonymous_17)
FN:118,(anonymous_18)
FNF:19
FNH:1
FNDA:2,(anonymous_0)
FNDA:0,(anonymous_1)
FNDA:0,(anonymous_2)
FNDA:0,(anonymous_3)
FNDA:0,(anonymous_4)
FNDA:0,(anonymous_5)
FNDA:0,(anonymous_6)
FNDA:0,(anonymous_7)
FNDA:0,(anonymous_8)
FNDA:0,(anonymous_9)
FNDA:0,(anonymous_10)
FNDA:0,(anonymous_11)
FNDA:0,(anonymous_12)
FNDA:0,(anonymous_13)
FNDA:0,(anonymous_14)
FNDA:0,(anonymous_15)
FNDA:0,(anonymous_16)
FNDA:0,(anonymous_17)
FNDA:0,(anonymous_18)
DA:10,1
DA:12,2
DA:13,2
DA:14,2
DA:15,2
DA:16,2
DA:17,2
DA:18,2
DA:19,2
DA:20,2
DA:21,2
DA:22,2
DA:25,2
DA:26,0
DA:27,0
DA:29,0
DA:31,0
DA:36,2
DA:37,0
DA:38,0
DA:39,0
DA:41,0
DA:43,0
DA:48,2
DA:49,0
DA:53,2
DA:54,0
DA:56,0
DA:57,0
DA:59,0
DA:63,2
DA:64,0
DA:65,0
DA:66,0
DA:68,0
DA:71,2
DA:72,0
DA:75,2
DA:76,0
DA:77,0
DA:79,0
DA:82,2
DA:83,0
DA:84,0
DA:86,0
DA:87,0
DA:88,0
DA:90,0
DA:95,2
DA:96,0
DA:98,2
DA:99,0
DA:101,2
DA:102,0
DA:118,0
DA:131,1
DA:135,1
DA:141,1
DA:149,1
DA:155,1
DA:158,1
DA:161,1
LF:62
LH:30
BRDA:26,0,0,0
BRDA:26,0,1,0
BRDA:37,1,0,0
BRDA:37,1,1,0
BRDA:76,2,0,0
BRDA:76,2,1,0
BRDA:83,3,0,0
BRDA:83,3,1,0
BRDA:87,4,0,0
BRDA:87,4,1,0
BRDA:108,5,0,2
BRDA:108,5,1,2
BRDA:117,6,0,0
BRDA:117,6,1,2
BRDA:121,7,0,0
BRDA:121,7,1,2
BRF:16
BRH:4
end_of_record
TN:
SF:client/src/Components/R&R/Tile.jsx
FN:8,(anonymous_0)
FN:14,(anonymous_1)
FN:18,(anonymous_2)
FN:21,(anonymous_3)
FN:27,(anonymous_4)
FN:29,(anonymous_5)
FN:32,(anonymous_6)
FN:34,(anonymous_7)
FN:36,(anonymous_8)
FN:39,(anonymous_9)
FN:50,(anonymous_10)
FN:63,(anonymous_11)
FN:64,(anonymous_12)
FN:97,(anonymous_13)
FN:128,(anonymous_14)
FNF:15
FNH:0
FNDA:0,(anonymous_0)
FNDA:0,(anonymous_1)
FNDA:0,(anonymous_2)
FNDA:0,(anonymous_3)
FNDA:0,(anonymous_4)
FNDA:0,(anonymous_5)
FNDA:0,(anonymous_6)
FNDA:0,(anonymous_7)
FNDA:0,(anonymous_8)
FNDA:0,(anonymous_9)
FNDA:0,(anonymous_10)
FNDA:0,(anonymous_11)
FNDA:0,(anonymous_12)
FNDA:0,(anonymous_13)
FNDA:0,(anonymous_14)
DA:8,1
DA:9,0
DA:10,0
DA:11,0
DA:12,0
DA:13,0
DA:14,0
DA:15,0
DA:16,0
DA:18,0
DA:19,0
DA:21,0
DA:22,0
DA:23,0
DA:25,0
DA:27,0
DA:28,0
DA:30,0
DA:32,0
DA:34,0
DA:35,0
DA:37,0
DA:39,0
DA:41,0
DA:50,0
DA:64,0
DA:87,1
DA:92,1
DA:97,0
DA:100,1
DA:104,1
DA:108,1
DA:111,1
DA:116,1
DA:120,1
DA:124,1
DA:128,0
DA:135,1
DA:139,1
LF:39
LH:12
BRDA:22,0,0,0
BRDA:22,0,1,0
BRDA:22,1,0,0
BRDA:22,1,1,0
BRDA:50,2,0,0
BRDA:50,2,1,0
BRDA:50,3,0,0
BRDA:50,3,1,0
BRDA:53,4,0,0
BRDA:53,4,1,0
BRDA:54,5,0,0
BRDA:54,5,1,0
BRDA:61,6,0,0
BRDA:61,6,1,0
BRDA:66,7,0,0
BRDA:66,7,1,0
BRDA:74,8,0,0
BRDA:74,8,1,0
BRDA:78,9,0,0
BRDA:78,9,1,0
BRF:20
BRH:0
end_of_record
TN:
SF:client/src/Components/RelatedItems/CompareModal.jsx
FN:5,(anonymous_0)
FN:6,(anonymous_1)
FN:12,(anonymous_2)
FN:15,(anonymous_3)
FNF:4
FNH:0
FNDA:0,(anonymous_0)
FNDA:0,(anonymous_1)
FNDA:0,(anonymous_2)
FNDA:0,(anonymous_3)
DA:5,1
DA:6,0
DA:7,0
DA:8,0
DA:12,0
DA:13,0
DA:14,0
DA:15,0
DA:16,0
DA:17,0
DA:21,0
DA:30,1
LF:12
LH:2
BRDA:7,0,0,0
BRDA:7,0,1,0
BRF:2
BRH:0
end_of_record
TN:
SF:client/src/Components/RelatedItems/CompareModalTable.jsx
FN:5,(anonymous_0)
FN:8,(anonymous_1)
FN:47,(anonymous_2)
FN:59,(anonymous_3)
FN:60,(anonymous_4)
FN:75,(anonymous_5)
FNF:6
FNH:0
FNDA:0,(anonymous_0)
FNDA:0,(anonymous_1)
FNDA:0,(anonymous_2)
FNDA:0,(anonymous_3)
FNDA:0,(anonymous_4)
FNDA:0,(anonymous_5)
DA:5,1
DA:6,0
DA:8,0
DA:9,0
DA:10,0
DA:11,0
DA:12,0
DA:13,0
DA:14,0
DA:18,0
DA:19,0
DA:20,0
DA:21,0
DA:22,0
DA:24,0
DA:28,0
DA:29,0
DA:30,0
DA:31,0
DA:33,0
DA:36,0
DA:37,0
DA:38,0
DA:39,0
DA:40,0
DA:44,0
DA:47,0
DA:48,0
DA:49,0
DA:50,0
DA:51,0
DA:52,0
DA:53,0
DA:55,0
DA:59,0
DA:60,0
DA:63,0
DA:75,0
DA:85,1
DA:88,1
DA:92,1
DA:97,1
DA:105,1
DA:116,1
DA:120,1
DA:125,1
DA:131,1
DA:138,1
LF:48
LH:11
BRDA:11,0,0,0
BRDA:11,0,1,0
BRDA:18,1,0,0
BRDA:18,1,1,0
BRDA:20,2,0,0
BRDA:20,2,1,0
BRDA:31,3,0,0
BRDA:31,3,1,0
BRDA:31,4,0,0
BRDA:31,4,1,0
BRDA:31,4,2,0
BRDA:31,4,3,0
BRDA:36,5,0,0
BRDA:36,5,1,0
BRDA:39,6,0,0
BRDA:39,6,1,0
BRDA:48,7,0,0
BRDA:48,7,1,0
BRDA:48,8,0,0
BRDA:48,8,1,0
BRDA:50,9,0,0
BRDA:50,9,1,0
BRDA:52,10,0,0
BRDA:52,10,1,0
BRF:24
BRH:0
end_of_record
TN:
SF:client/src/Components/RelatedItems/RelatedItem.jsx
FN:5,(anonymous_0)
FN:18,(anonymous_1)
FN:22,(anonymous_2)
FN:41,(anonymous_3)
FN:55,(anonymous_4)
FN:63,(anonymous_5)
FN:72,(anonymous_6)
FN:83,(anonymous_7)
FN:86,(anonymous_8)
FNF:9
FNH:7
FNDA:24,(anonymous_0)
FNDA:8,(anonymous_1)
FNDA:8,(anonymous_2)
FNDA:16,(anonymous_3)
FNDA:24,(anonymous_4)
FNDA:24,(anonymous_5)
FNDA:24,(anonymous_6)
FNDA:0,(anonymous_7)
FNDA:0,(anonymous_8)
DA:5,1
DA:6,24
DA:7,24
DA:8,24
DA:9,24
DA:10,24
DA:11,24
DA:14,24
DA:15,24
DA:18,24
DA:19,8
DA:20,8
DA:21,8
DA:22,8
DA:23,8
DA:24,8
DA:25,8
DA:28,8
DA:29,0
DA:34,8
DA:35,8
DA:41,24
DA:42,16
DA:43,8
DA:45,8
DA:47,16
DA:48,2
DA:49,2
DA:51,14
DA:55,24
DA:56,24
DA:57,16
DA:59,8
DA:63,24
DA:64,24
DA:65,24
DA:67,0
DA:72,24
DA:73,24
DA:74,2
DA:76,22
DA:82,24
DA:83,0
DA:87,0
DA:89,0
DA:102,1
DA:114,1
DA:123,1
DA:135,1
DA:145,1
DA:151,1
DA:170,1
DA:174,1
DA:180,1
LF:54
LH:49
BRDA:14,0,0,24
BRDA:14,0,1,0
BRDA:20,1,0,8
BRDA:20,1,1,0
BRDA:20,2,0,8
BRDA:20,2,1,8
BRDA:21,3,0,8
BRDA:21,3,1,0
BRDA:23,4,0,8
BRDA:23,4,1,0
BRDA:28,5,0,0
BRDA:28,5,1,8
BRDA:34,6,0,8
BRDA:34,6,1,0
BRDA:34,7,0,8
BRDA:34,7,1,8
BRDA:42,8,0,8
BRDA:42,8,1,8
BRDA:42,9,0,16
BRDA:42,9,1,8
BRDA:47,10,0,2
BRDA:47,10,1,14
BRDA:56,11,0,16
BRDA:56,11,1,8
BRDA:64,12,0,24
BRDA:64,12,1,0
BRDA:73,13,0,2
BRDA:73,13,1,22
BRF:28
BRH:21
end_of_record
TN:
SF:client/src/Components/RelatedItems/RelatedItems.jsx
FN:8,(anonymous_0)
FN:19,(anonymous_1)
FN:24,(anonymous_2)
FN:38,(anonymous_3)
FN:43,(anonymous_4)
FN:47,(anonymous_5)
FN:51,(anonymous_6)
FNF:7
FNH:0
FNDA:0,(anonymous_0)
FNDA:0,(anonymous_1)
FNDA:0,(anonymous_2)
FNDA:0,(anonymous_3)
FNDA:0,(anonymous_4)
FNDA:0,(anonymous_5)
FNDA:0,(anonymous_6)
DA:8,1
DA:9,0
DA:10,0
DA:11,0
DA:12,0
DA:13,0
DA:14,0
DA:15,0
DA:16,0
DA:17,0
DA:19,0
DA:20,0
DA:22,0
DA:23,0
DA:25,0
DA:26,0
DA:28,0
DA:29,0
DA:30,0
DA:31,0
DA:34,0
DA:38,0
DA:43,0
DA:44,0
DA:47,0
DA:48,0
DA:51,0
DA:52,0
DA:54,0
DA:55,0
DA:56,0
DA:57,0
DA:60,0
DA:75,1
DA:78,1
DA:84,1
LF:36
LH:4
BRDA:22,0,0,0
BRDA:22,0,1,0
BRDA:25,1,0,0
BRDA:25,1,1,0
BRDA:30,2,0,0
BRDA:30,2,1,0
BRDA:44,3,0,0
BRDA:44,3,1,0
BRDA:62,4,0,0
BRDA:62,4,1,0
BRF:10
BRH:0
end_of_record
TN:
SF:client/src/Components/RelatedItems/RelatedItemsCarousel.jsx
FN:5,(anonymous_0)
FN:12,(anonymous_1)
FN:16,(anonymous_2)
FN:32,(anonymous_3)
FN:34,(anonymous_4)
FN:38,(anonymous_5)
FN:39,(anonymous_6)
FN:39,(anonymous_7)
FN:42,(anonymous_8)
FN:43,(anonymous_9)
FN:43,(anonymous_10)
FNF:11
FNH:7
FNDA:2,(anonymous_0)
FNDA:2,(anonymous_1)
FNDA:2,(anonymous_2)
FNDA:2,(anonymous_3)
FNDA:8,(anonymous_4)
FNDA:2,(anonymous_5)
FNDA:0,(anonymous_6)
FNDA:0,(anonymous_7)
FNDA:2,(anonymous_8)
FNDA:0,(anonymous_9)
FNDA:0,(anonymous_10)
DA:5,1
DA:6,2
DA:7,2
DA:8,2
DA:12,2
DA:13,2
DA:16,2
DA:17,2
DA:18,2
DA:19,2
DA:20,0
DA:21,0
DA:24,2
DA:25,0
DA:27,2
DA:32,2
DA:33,2
DA:34,2
DA:35,8
DA:38,2
DA:39,2
DA:42,2
DA:43,2
DA:46,2
DA:65,1
DA:71,1
DA:77,1
DA:84,1
DA:99,1
DA:117,1
LF:30
LH:27
BRDA:17,0,0,2
BRDA:17,0,1,0
BRDA:18,1,0,2
BRDA:18,1,1,0
BRDA:20,2,0,0
BRDA:20,2,1,0
BRDA:24,3,0,0
BRDA:24,3,1,2
BRDA:24,4,0,2
BRDA:24,4,1,2
BRDA:39,5,0,0
BRDA:39,5,1,2
BRDA:43,6,0,2
BRDA:43,6,1,0
BRF:14
BRH:7
end_of_record
TN:
SF:client/src/Tools/clickTracker.js
FN:5,(anonymous_0)
FN:13,(anonymous_1)
FN:14,(anonymous_2)
FNF:3
FNH:0
FNDA:0,(anonymous_0)
FNDA:0,(anonymous_1)
FNDA:0,(anonymous_2)
DA:4,2
DA:5,2
DA:6,0
DA:11,0
DA:12,0
DA:13,0
DA:14,0
LF:7
LH:2
BRF:0
BRH:0
end_of_record
TN:
SF:client/src/Tools/cloudWidget.js
FN:1,(anonymous_0)
FN:7,(anonymous_1)
FNF:2
FNH:0
FNDA:0,(anonymous_0)
FNDA:0,(anonymous_1)
DA:1,2
DA:2,0
DA:8,0
DA:9,0
DA:15,2
LF:5
LH:2
BRDA:8,0,0,0
BRDA:8,0,1,0
BRDA:8,1,0,0
BRDA:8,1,1,0
BRDA:8,1,2,0
BRF:5
BRH:0
end_of_record
TN:
SF:client/src/Tools/createStars.js
FN:4,(anonymous_0)
FN:19,(anonymous_1)
FN:60,(anonymous_2)
FNF:3
FNH:3
FNDA:25,(anonymous_0)
FNDA:25,(anonymous_1)
FNDA:125,(anonymous_2)
DA:4,3
DA:5,25
DA:6,25
DA:8,25
DA:9,102
DA:10,102
DA:11,102
DA:13,25
DA:14,1
DA:16,24
DA:19,3
DA:21,25
DA:22,25
DA:25,25
DA:26,25
DA:27,25
DA:28,6
DA:29,19
DA:30,0
DA:31,19
DA:32,0
DA:35,25
DA:36,125
DA:37,66
DA:38,59
DA:39,6
DA:40,6
DA:42,53
DA:45,25
DA:48,3
DA:60,125
LF:31
LH:29
BRDA:13,0,0,1
BRDA:13,0,1,24
BRDA:27,1,0,6
BRDA:27,1,1,19
BRDA:29,2,0,0
BRDA:29,2,1,19
BRDA:31,3,0,0
BRDA:31,3,1,19
BRDA:36,4,0,66
BRDA:36,4,1,59
BRDA:38,5,0,6
BRDA:38,5,1,53
BRF:12
BRH:10
end_of_record
TN:
SF:client/src/spec/styleMock.js
FNF:0
FNH:0
DA:1,1
LF:1
LH:1
BRF:0
BRH:0
end_of_record
TN:
SF:client/src/spec/sampleData/Overview/sampleStyle.js
FNF:0
FNH:0
DA:1,1
LF:1
LH:1
BRF:0
BRH:0
end_of_record
TN:
SF:client/src/spec/sampleData/QnA/sampleQuestionData.js
FNF:0
FNH:0
DA:1,1
DA:410,1
LF:2
LH:2
BRF:0
BRH:0
end_of_record
TN:
SF:client/src/spec/sampleData/QnA/sampleQuestionProduct.js
FNF:0
FNH:0
DA:1,1
DA:19,1
LF:2
LH:2
BRF:0
BRH:0
end_of_record
TN:
SF:client/src/spec/sampleData/RelatedItems/sampleProduct.js
FNF:0
FNH:0
DA:1,1
LF:1
LH:1
BRF:0
BRH:0
end_of_record
